  ▲ Next.js 14.2.28
  - Local:        http://localhost:3000
  - Environments: .env
  - Experiments (use with caution):
    · outputFileTracingRoot

 ✓ Starting...
 ✓ Ready in 1781ms
 ○ Compiling / ...
 ✓ Compiled / in 2.5s (1242 modules)
 GET / 200 in 2581ms
 GET / 200 in 3127ms
 ✓ Compiled in 645ms (627 modules)
 GET / 200 in 65ms
 ✓ Compiled /_not-found in 456ms (1233 modules)
 GET / 404 in 552ms
 GET / 404 in 375ms
 GET /_next/static/chunks/main-app.js?v=1750591159164 404 in 35ms
 GET /_next/static/css/app/layout.css?v=1750591159164 404 in 18ms
 GET /_next/static/chunks/app/layout.js 404 in 21ms
 GET /_next/static/chunks/app-pages-internals.js 404 in 22ms
 GET / 200 in 71ms
 GET / 200 in 55ms
 GET /_next/static/css/app/layout.css?v=1750591165552 404 in 43ms
 GET /_next/static/chunks/main-app.js?v=1750591165552 404 in 44ms
 GET /_next/static/chunks/app/layout.js 404 in 29ms
 GET /_next/static/chunks/app-pages-internals.js 404 in 27ms
 GET /_next/static/chunks/app/page.js 404 in 18ms
[?25h
