  ▲ Next.js 14.2.28
  - Local:        http://localhost:3000
  - Environments: .env
  - Experiments (use with caution):
    · outputFileTracingRoot

 ✓ Starting...
 ✓ Ready in 1857ms
 ○ Compiling / ...
 ✓ Compiled / in 3.7s (1197 modules)
 GET / 200 in 4212ms
 GET / 200 in 4204ms
 ✓ Compiled in 515ms (597 modules)
 GET / 200 in 79ms
 GET / 200 in 46ms
 GET / 200 in 39ms
 GET / 200 in 34ms
 GET / 200 in 31ms
 GET / 200 in 32ms
 GET / 200 in 33ms
 ✓ Compiled /training in 491ms (1162 modules)
 ✓ Compiled /consulting in 300ms (1176 modules)
 ✓ Compiled /projects in 480ms (1227 modules)
 ✓ Compiled / in 117ms (625 modules)
 GET / 200 in 226ms
 GET / 200 in 34ms
