  ▲ Next.js 14.2.28
  - Local:        http://localhost:3000
  - Environments: .env
  - Experiments (use with caution):
    · outputFileTracingRoot

 ✓ Starting...
 ✓ Ready in 1616ms
 ○ Compiling / ...
 ✓ Compiled / in 2.7s (1242 modules)
 GET / 200 in 3282ms
 ✓ Compiled in 623ms (627 modules)
 GET / 200 in 203ms
 ○ Compiling /contact ...
 ✓ Compiled /contact in 1364ms (1286 modules)
 GET /consulting 200 in 1688ms
 GET /training 200 in 1688ms
 GET /contact 200 in 1688ms
 GET /about 200 in 1693ms
 GET /projects 200 in 1695ms
 GET /contact?program=training 200 in 58ms
 GET /contact?service=AI-Powered%20DevOps%20Automation 200 in 167ms
 GET /contact?service=Intelligent%20Cloud%20Cost%20Optimization 200 in 158ms
 GET /contact?type=consultation 200 in 160ms
 GET /contact?service=Code%20Quality%20Enhancement%20with%20AI 200 in 159ms
 GET /contact?type=custom-training 200 in 202ms
 GET /contact?program=training 200 in 129ms
 GET /contact?service=AI-Powered%20DevOps%20Automation 200 in 130ms
 GET /contact?service=Intelligent%20Cloud%20Cost%20Optimization 200 in 130ms
 GET /contact?service=Code%20Quality%20Enhancement%20with%20AI 200 in 130ms
 GET /contact 200 in 131ms
 GET /contact?type=custom-training 200 in 141ms
 GET /contact?type=consultation 200 in 141ms
 GET /consulting 200 in 180ms
 GET /training 200 in 206ms
 GET / 200 in 219ms
 GET /about 200 in 99ms
 GET /projects 200 in 91ms
 GET / 200 in 43ms
 GET / 200 in 60ms
[?25h
