  ▲ Next.js 14.2.28
  - Local:        http://localhost:3000
  - Environments: .env
  - Experiments (use with caution):
    · outputFileTracingRoot

 ✓ Starting...
 ✓ Ready in 1656ms
 ○ Compiling / ...
 ✓ Compiled / in 2.1s (1242 modules)
 GET / 200 in 1346ms
 GET / 200 in 2712ms
 ✓ Compiled in 555ms (627 modules)
 GET / 200 in 54ms
 GET / 200 in 59ms
 GET / 200 in 46ms
 GET / 200 in 43ms
 GET / 200 in 50ms
 GET / 200 in 46ms
 GET / 200 in 46ms
 GET / 200 in 40ms
 GET / 200 in 55ms
 GET / 200 in 58ms
 ✓ Compiled /training in 449ms (1210 modules)
 ✓ Compiled /about in 360ms (1221 modules)
 ✓ Compiled /projects in 304ms (1237 modules)
 ✓ Compiled / in 144ms (627 modules)
 ✓ Compiled /contact in 387ms (1269 modules)
 ✓ Compiled /training in 150ms (637 modules)
 ✓ Compiled /consulting in 426ms (1279 modules)
 ✓ Compiled /about in 162ms (641 modules)
 ✓ Compiled in 827ms (649 modules)
 ✓ Compiled in 433ms (649 modules)
[?25h
