  ▲ Next.js 14.2.28
  - Local:        http://localhost:3000
  - Environments: .env
  - Experiments (use with caution):
    · outputFileTracingRoot

 ✓ Starting...
 ✓ Ready in 1734ms
 ○ Compiling / ...
 ✓ Compiled / in 2.8s (1242 modules)
 GET / 200 in 3455ms
 ✓ Compiled in 627ms (627 modules)
 GET / 200 in 116ms
 ○ Compiling /training ...
 ✓ Compiled /training in 1346ms (1286 modules)
 GET /projects 200 in 1698ms
 GET /contact 200 in 1696ms
 GET /training 200 in 1696ms
 GET /consulting 200 in 1706ms
 GET /about 200 in 1770ms
 GET /contact?program=training 200 in 145ms
 GET /contact?service=Intelligent%20Cloud%20Cost%20Optimization 200 in 150ms
 GET /contact?type=consultation 200 in 177ms
 GET /contact?service=Code%20Quality%20Enhancement%20with%20AI 200 in 177ms
 GET /contact?type=custom-training 200 in 179ms
 GET /contact?service=AI-Powered%20DevOps%20Automation 200 in 177ms
 GET / 200 in 147ms
 GET /contact?service=AI-Powered%20DevOps%20Automation 200 in 159ms
 GET /contact 200 in 159ms
 GET /contact?program=training 200 in 159ms
 GET /contact?type=consultation 200 in 159ms
 GET /contact?service=Code%20Quality%20Enhancement%20with%20AI 200 in 159ms
 GET /contact?type=custom-training 200 in 169ms
 GET /contact?service=Intelligent%20Cloud%20Cost%20Optimization 200 in 169ms
 GET /consulting 200 in 178ms
 GET /training 200 in 184ms
 GET /about 200 in 49ms
 GET /projects 200 in 51ms
 GET / 200 in 45ms
 GET / 200 in 68ms
[?25h
