  ▲ Next.js 14.2.28
  - Local:        http://localhost:3000
  - Environments: .env
  - Experiments (use with caution):
    · outputFileTracingRoot

 ✓ Starting...
 ✓ Ready in 1721ms
 ○ Compiling / ...
 ✓ Compiled / in 2.6s (1242 modules)
 GET / 200 in 3263ms
 ✓ Compiled in 689ms (627 modules)
 ○ Compiling /about ...
 ✓ Compiled /about in 1020ms (1286 modules)
 GET / 200 in 1370ms
 GET /training 200 in 1367ms
 GET /projects 200 in 1371ms
 GET /contact 200 in 1368ms
 GET /consulting 200 in 1348ms
 GET /about 200 in 1362ms
 GET /contact?program=training 200 in 72ms
 GET /contact?type=custom-training 200 in 182ms
 GET /contact?service=Code%20Quality%20Enhancement%20with%20AI 200 in 177ms
 GET /contact?service=AI-Powered%20DevOps%20Automation 200 in 182ms
 GET /contact?type=consultation 200 in 195ms
 GET /contact?service=Intelligent%20Cloud%20Cost%20Optimization 200 in 196ms
 GET / 200 in 139ms
 GET /contact?type=custom-training 200 in 158ms
 GET /contact?service=Intelligent%20Cloud%20Cost%20Optimization 200 in 159ms
 GET /contact?service=Code%20Quality%20Enhancement%20with%20AI 200 in 159ms
 GET /contact?type=consultation 200 in 159ms
 GET /contact?service=AI-Powered%20DevOps%20Automation 200 in 159ms
 GET /contact 200 in 159ms
 GET /contact?program=training 200 in 160ms
 GET /training 200 in 163ms
 GET /consulting 200 in 167ms
 GET /about 200 in 43ms
 GET /projects 200 in 42ms
 GET / 200 in 43ms
 GET / 200 in 110ms
[?25h
