  ▲ Next.js 14.2.28
  - Local:        http://localhost:3000
  - Environments: .env
  - Experiments (use with caution):
    · outputFileTracingRoot

 ✓ Starting...
 ✓ Ready in 1460ms
 ○ Compiling / ...
 ✓ Compiled / in 2.5s (1194 modules)
 GET / 200 in 3028ms
 ✓ Compiled in 579ms (603 modules)
 GET / 200 in 193ms
 ○ Compiling /contact ...
 ✓ Compiled /contact in 1284ms (1256 modules)
 GET /training 200 in 1578ms
 GET /projects 200 in 1580ms
 GET /contact 200 in 1581ms
 GET /about 200 in 1591ms
 GET /consulting 200 in 1590ms
 GET /contact?program=training 200 in 51ms
 GET /contact?type=custom-training 200 in 123ms
 GET /contact?service=AI-Powered%20DevOps%20Automation 200 in 113ms
 GET /contact?service=Intelligent%20Cloud%20Cost%20Optimization 200 in 149ms
 GET /contact?service=Code%20Quality%20Enhancement%20with%20AI 200 in 147ms
 GET /contact?type=consultation 200 in 147ms
 GET /contact?program=training 200 in 139ms
 GET /contact?type=custom-training 200 in 140ms
 GET /contact?service=Code%20Quality%20Enhancement%20with%20AI 200 in 141ms
 GET /contact?type=consultation 200 in 141ms
 GET /about 200 in 142ms
 GET /training 200 in 144ms
 GET /projects 200 in 144ms
 GET / 200 in 147ms
 GET /contact?service=Intelligent%20Cloud%20Cost%20Optimization 200 in 146ms
 GET /contact?service=AI-Powered%20DevOps%20Automation 200 in 146ms
 GET /contact 200 in 34ms
 GET /consulting 200 in 35ms
 GET / 200 in 40ms
 GET / 200 in 34ms
 ✓ Compiled in 682ms (1268 modules)
[?25h
