  ▲ Next.js 14.2.28
  - Local:        http://localhost:3000
  - Environments: .env
  - Experiments (use with caution):
    · outputFileTracingRoot

 ✓ Starting...
 ✓ Ready in 1534ms
 ○ Compiling / ...
 ✓ Compiled / in 2.5s (1242 modules)
 GET / 200 in 3170ms
 ✓ Compiled in 673ms (627 modules)
 ○ Compiling /contact ...
 ✓ Compiled /contact in 1102ms (1286 modules)
 GET / 200 in 1489ms
 GET /about 200 in 1496ms
 GET /contact 200 in 1476ms
 GET /training 200 in 1487ms
 GET /consulting 200 in 1501ms
 GET /projects 200 in 1489ms
 GET /contact?program=training 200 in 61ms
 GET /contact?type=custom-training 200 in 219ms
 GET /contact?service=Intelligent%20Cloud%20Cost%20Optimization 200 in 217ms
 GET /contact?type=consultation 200 in 216ms
 GET /contact?service=Code%20Quality%20Enhancement%20with%20AI 200 in 223ms
 GET /contact?service=AI-Powered%20DevOps%20Automation 200 in 233ms
 GET /contact?service=AI-Powered%20DevOps%20Automation 200 in 120ms
 GET /contact?type=consultation 200 in 120ms
 GET /contact?service=Intelligent%20Cloud%20Cost%20Optimization 200 in 121ms
 GET /contact 200 in 122ms
 GET /contact?type=custom-training 200 in 146ms
 GET /contact?program=training 200 in 146ms
 GET /contact?service=Code%20Quality%20Enhancement%20with%20AI 200 in 147ms
 GET / 200 in 173ms
 GET /training 200 in 175ms
 GET /consulting 200 in 178ms
 GET /about 200 in 63ms
 GET /projects 200 in 59ms
 GET / 200 in 46ms
 GET / 200 in 70ms
 ✓ Compiled in 803ms (1265 modules)
 HEAD / 200 in 105ms
 GET / 200 in 65ms
 ✓ Compiled in 522ms (1265 modules)
 GET / 200 in 82ms
 ○ Compiling /_error ...
 GET / 500 in 27ms
 GET /_next/static/webpack/45baf60657e5ac6b.webpack.hot-update.json 500 in 844ms
 GET / 500 in 16ms
 GET /_next/static/webpack/45baf60657e5ac6b.webpack.hot-update.json 500 in 7ms
 GET / 200 in 468ms
 GET / 500 in 17ms
 GET /_next/static/webpack/45baf60657e5ac6b.webpack.hot-update.json 500 in 6ms
 ✓ Compiled /_not-found in 678ms (1495 modules)
 GET / 200 in 670ms
 GET / 200 in 204ms
 GET / 200 in 64ms
 GET / 200 in 73ms
[?25h
