  ▲ Next.js 14.2.28
  - Local:        http://localhost:3000
  - Environments: .env
  - Experiments (use with caution):
    · outputFileTracingRoot

 ✓ Starting...
 ✓ Ready in 1664ms
 ○ Compiling / ...
 ✓ Compiled / in 3s (1194 modules)
 GET / 200 in 3484ms
 GET / 200 in 3655ms
 ✓ Compiled in 708ms (603 modules)
 GET / 200 in 54ms
 ○ Compiling /_not-found ...
 ✓ Compiled /_not-found in 531ms (1185 modules)
 GET / 404 in 680ms
 GET / 404 in 416ms
 GET /_next/static/css/app/layout.css?v=1750549041793 404 in 47ms
 GET /_next/static/chunks/main-app.js?v=1750549041793 404 in 43ms
 GET /_next/static/chunks/app/layout.js 404 in 45ms
 GET /_next/static/chunks/app-pages-internals.js 404 in 18ms
 GET / 200 in 53ms
 GET / 200 in 37ms
 GET /_next/static/css/app/layout.css?v=1750549047567 404 in 54ms
 GET /_next/static/chunks/app/page.js 404 in 38ms
 GET /_next/static/chunks/main-app.js?v=1750549047567 404 in 37ms
 GET /_next/static/chunks/app/layout.js 404 in 36ms
 GET /_next/static/chunks/app-pages-internals.js 404 in 18ms
 GET / 200 in 47ms
 GET /_next/static/css/app/layout.css?v=1750549068947 404 in 18ms
 GET /_next/static/chunks/app/page.js 404 in 17ms
 GET /_next/static/chunks/app/layout.js 404 in 19ms
 GET /_next/static/chunks/main-app.js?v=1750549068947 404 in 19ms
 GET /_next/static/chunks/app-pages-internals.js 404 in 16ms
 GET / 200 in 42ms
 ✓ Compiled in 696ms (1194 modules)
[?25h
