  ▲ Next.js 14.2.28
  - Local:        http://localhost:3000
  - Environments: .env
  - Experiments (use with caution):
    · outputFileTracingRoot

 ✓ Starting...
 ✓ Ready in 1604ms
 ○ Compiling / ...
 ✓ Compiled / in 2.9s (1194 modules)
 GET / 200 in 3337ms
 GET / 200 in 3525ms
 ✓ Compiled in 656ms (603 modules)
 GET / 200 in 48ms
 GET / 200 in 48ms
 GET / 200 in 39ms
 GET / 200 in 46ms
 ✓ Compiled in 530ms (603 modules)
 ✓ Compiled in 397ms (603 modules)
 ✓ Compiled in 345ms (603 modules)
 ✓ Compiled in 414ms (603 modules)
 ✓ Compiled in 414ms (603 modules)
[?25h
