  ▲ Next.js 14.2.28
  - Local:        http://localhost:3000
  - Environments: .env
  - Experiments (use with caution):
    · outputFileTracingRoot

 ✓ Starting...
 ✓ Ready in 1627ms
 ○ Compiling / ...
 ✓ Compiled / in 2.5s (1194 modules)
 GET / 200 in 3006ms
 GET / 200 in 3063ms
 ✓ Compiled in 578ms (603 modules)
 GET / 200 in 51ms
 GET / 200 in 50ms
 GET / 200 in 40ms
 GET / 200 in 47ms
 ✓ Compiled in 572ms (603 modules)
 ✓ Compiled in 736ms (603 modules)
 ✓ Compiled in 632ms (603 modules)
 ✓ Compiled in 416ms (603 modules)
[?25h
