  ▲ Next.js 14.2.28
  - Local:        http://localhost:3000
  - Environments: .env
  - Experiments (use with caution):
    · outputFileTracingRoot

 ✓ Starting...
 ✓ Ready in 1555ms
 ○ Compiling / ...
 ✓ Compiled / in 2.5s (1242 modules)
 GET / 200 in 3132ms
 ✓ Compiled in 664ms (627 modules)
 GET / 200 in 101ms
 ○ Compiling /projects ...
 ✓ Compiled /projects in 1427ms (1286 modules)
 GET /training 200 in 1814ms
 GET /consulting 200 in 1813ms
 GET /projects 200 in 1811ms
 GET /about 200 in 1822ms
 GET /contact 200 in 1818ms
 GET /contact?program=training 200 in 79ms
 GET /contact?type=custom-training 200 in 79ms
 GET /contact?service=AI-Powered%20DevOps%20Automation 200 in 207ms
 GET /contact?service=Intelligent%20Cloud%20Cost%20Optimization 200 in 197ms
 GET /contact?service=Code%20Quality%20Enhancement%20with%20AI 200 in 197ms
 GET /contact?type=consultation 200 in 195ms
 GET /contact?service=Code%20Quality%20Enhancement%20with%20AI 200 in 130ms
 GET /contact?type=consultation 200 in 131ms
 GET /contact 200 in 132ms
 GET /contact?service=AI-Powered%20DevOps%20Automation 200 in 132ms
 GET /contact?service=Intelligent%20Cloud%20Cost%20Optimization 200 in 133ms
 GET /contact?type=custom-training 200 in 166ms
 GET /contact?program=training 200 in 166ms
 GET /consulting 200 in 176ms
 GET /training 200 in 180ms
 GET / 200 in 181ms
 GET /about 200 in 46ms
 GET /projects 200 in 45ms
 GET / 200 in 70ms
 GET / 200 in 45ms
 GET / 200 in 48ms
[?25h
