  ▲ Next.js 14.2.28
  - Local:        http://localhost:3000
  - Environments: .env
  - Experiments (use with caution):
    · outputFileTracingRoot

 ✓ Starting...
 ✓ Ready in 1375ms
 ○ Compiling / ...
 ✓ Compiled / in 2.2s (1194 modules)
 GET / 200 in 2673ms
 ✓ Compiled in 410ms (603 modules)
 ○ Compiling /training ...
 ✓ Compiled /training in 1052ms (1256 modules)
 GET /contact 200 in 1366ms
 GET /about 200 in 1367ms
 GET /training 200 in 1370ms
 GET /projects 200 in 1375ms
 GET / 200 in 1368ms
 GET /consulting 200 in 1385ms
 GET /contact?program=training 200 in 69ms
 GET /contact?type=custom-training 200 in 170ms
 GET /contact?service=AI-Powered%20DevOps%20Automation 200 in 168ms
 GET /contact?service=Intelligent%20Cloud%20Cost%20Optimization 200 in 166ms
 GET /contact?service=Code%20Quality%20Enhancement%20with%20AI 200 in 163ms
 GET /contact?type=consultation 200 in 166ms
 GET / 200 in 137ms
 GET /contact?service=Intelligent%20Cloud%20Cost%20Optimization 200 in 151ms
 GET /training 200 in 151ms
 GET /projects 200 in 151ms
 GET /contact?service=AI-Powered%20DevOps%20Automation 200 in 154ms
 GET /contact 200 in 156ms
 GET /contact?program=training 200 in 155ms
 GET /contact?type=custom-training 200 in 155ms
 GET /consulting 200 in 157ms
 GET /about 200 in 158ms
 GET /contact?type=consultation 200 in 34ms
 GET /contact?service=Code%20Quality%20Enhancement%20with%20AI 200 in 34ms
 GET / 200 in 38ms
 GET / 200 in 30ms
[?25h
