  ▲ Next.js 14.2.28
  - Local:        http://localhost:3000
  - Environments: .env
  - Experiments (use with caution):
    · outputFileTracingRoot

 ✓ Starting...
 ✓ Ready in 1536ms
 ○ Compiling / ...
 ✓ Compiled / in 2.6s (1194 modules)
 GET / 200 in 3307ms
 ✓ Compiled in 665ms (603 modules)
 GET / 200 in 154ms
 ○ Compiling /contact ...
 ✓ Compiled /contact in 1792ms (1256 modules)
 GET /consulting 200 in 2162ms
 GET /projects 200 in 2156ms
 GET /training 200 in 2148ms
 GET /contact 200 in 2006ms
 GET /about 200 in 2206ms
 GET /contact?program=training 200 in 78ms
 GET /contact?type=consultation 200 in 183ms
 GET /contact?service=AI-Powered%20DevOps%20Automation 200 in 175ms
 GET /contact?service=Code%20Quality%20Enhancement%20with%20AI 200 in 173ms
 GET /contact?type=custom-training 200 in 172ms
 GET /contact?service=Intelligent%20Cloud%20Cost%20Optimization 200 in 173ms
 GET /about 200 in 137ms
 GET /contact?type=consultation 200 in 150ms
 GET /contact?type=custom-training 200 in 150ms
 GET /contact?service=Code%20Quality%20Enhancement%20with%20AI 200 in 150ms
 GET /contact?service=AI-Powered%20DevOps%20Automation 200 in 150ms
 GET /contact?service=Intelligent%20Cloud%20Cost%20Optimization 200 in 151ms
 GET /contact?program=training 200 in 151ms
 GET /projects 200 in 150ms
 GET / 200 in 155ms
 GET /training 200 in 169ms
 GET /contact 200 in 50ms
 GET /consulting 200 in 43ms
 GET / 200 in 36ms
 GET / 200 in 36ms
[?25h
