  ▲ Next.js 14.2.28
  - Local:        http://localhost:3000
  - Environments: .env
  - Experiments (use with caution):
    · outputFileTracingRoot

 ✓ Starting...
 ✓ Ready in 1684ms
 ○ Compiling / ...
 ✓ Compiled / in 2.7s (1242 modules)
 GET / 200 in 3387ms
 ✓ Compiled in 662ms (627 modules)
 ○ Compiling /consulting ...
 ✓ Compiled /consulting in 1096ms (1286 modules)
 GET / 200 in 1498ms
 GET /contact 200 in 1527ms
 GET /about 200 in 1495ms
 GET /training 200 in 1393ms
 GET /projects 200 in 1502ms
 GET /consulting 200 in 1385ms
 GET /contact?program=training 200 in 51ms
 GET /contact?type=custom-training 200 in 141ms
 GET /contact?service=AI-Powered%20DevOps%20Automation 200 in 141ms
 GET /contact?service=Intelligent%20Cloud%20Cost%20Optimization 200 in 139ms
 GET /contact?service=Code%20Quality%20Enhancement%20with%20AI 200 in 138ms
 GET /contact?type=consultation 200 in 139ms
 GET /contact 200 in 102ms
 GET /contact?service=Code%20Quality%20Enhancement%20with%20AI 200 in 102ms
 GET /contact?type=custom-training 200 in 107ms
 GET /contact?type=consultation 200 in 107ms
 GET /contact?service=Intelligent%20Cloud%20Cost%20Optimization 200 in 108ms
 GET /contact?service=AI-Powered%20DevOps%20Automation 200 in 108ms
 GET /contact?program=training 200 in 108ms
 GET / 200 in 158ms
 GET /training 200 in 165ms
 GET /consulting 200 in 168ms
 GET /projects 200 in 59ms
 GET /about 200 in 66ms
 GET / 200 in 76ms
[?25h
