  ▲ Next.js 14.2.28
  - Local:        http://localhost:3000
  - Environments: .env
  - Experiments (use with caution):
    · outputFileTracingRoot

 ✓ Starting...
 ✓ Ready in 1513ms
 ○ Compiling / ...
 ✓ Compiled / in 2.3s (1232 modules)
 GET / 200 in 2695ms
 GET / 200 in 2858ms
 ✓ Compiled in 582ms (622 modules)
 GET / 200 in 57ms
 GET / 200 in 55ms
 GET / 200 in 42ms
 GET / 200 in 38ms
 GET / 200 in 41ms
 GET / 200 in 39ms
 GET / 200 in 42ms
 GET / 200 in 136ms
 GET / 200 in 56ms
 GET / 200 in 55ms
 GET / 200 in 45ms
 GET / 200 in 47ms
 GET / 200 in 43ms
 GET / 200 in 36ms
 ✓ Compiled in 756ms (1232 modules)
 ✓ Compiled in 567ms (1232 modules)
 ✓ Compiled in 528ms (1232 modules)
 ✓ Compiled in 531ms (1232 modules)
 ✓ Compiled in 701ms (1232 modules)
 ✓ Compiled in 908ms (1240 modules)
 ✓ Compiled in 477ms (1242 modules)
[?25h
