  ▲ Next.js 14.2.28
  - Local:        http://localhost:3000
  - Environments: .env
  - Experiments (use with caution):
    · outputFileTracingRoot

 ✓ Starting...
 ✓ Ready in 1659ms
 ○ Compiling / ...
 ✓ Compiled / in 2.6s (1216 modules)
 GET / 200 in 3102ms
 ✓ Compiled in 564ms (614 modules)
 GET / 200 in 69ms
 GET / 200 in 55ms
 GET / 200 in 43ms
 GET / 200 in 41ms
 GET / 200 in 49ms
 GET / 200 in 42ms
 GET / 200 in 40ms
 GET / 200 in 54ms
 GET / 200 in 49ms
 GET / 200 in 42ms
 ✓ Compiled in 1261ms (1216 modules)
[?25h
