  ▲ Next.js 14.2.28
  - Local:        http://localhost:3000
  - Environments: .env
  - Experiments (use with caution):
    · outputFileTracingRoot

 ✓ Starting...
 ✓ Ready in 1702ms
 ○ Compiling / ...
 ✓ Compiled / in 2.3s (1242 modules)
 GET / 200 in 2638ms
 GET / 200 in 2943ms
 ✓ Compiled in 602ms (627 modules)
 GET / 200 in 177ms
 GET / 200 in 65ms
 GET / 200 in 48ms
 GET / 200 in 48ms
 ○ Compiling /consulting ...
 ✓ Compiled /consulting in 520ms (1204 modules)
 ✓ Compiled /projects in 293ms (1220 modules)
 ✓ Compiled /training in 326ms (1238 modules)
 ○ Compiling /about ...
 ✓ Compiled /about in 510ms (1246 modules)
 ✓ Compiled / in 291ms (631 modules)
 ✓ Compiled /projects in 134ms (627 modules)
 ✓ Compiled /consulting in 178ms (597 modules)
 ✓ Compiled /training in 94ms (596 modules)
 ✓ Compiled in 793ms (645 modules)
[?25h
