  ▲ Next.js 14.2.28
  - Local:        http://localhost:3000
  - Environments: .env
  - Experiments (use with caution):
    · outputFileTracingRoot

 ✓ Starting...
 ✓ Ready in 1617ms
 ○ Compiling / ...
 ✓ Compiled / in 2.1s (1242 modules)
 GET / 200 in 2681ms
 ✓ Compiled in 608ms (627 modules)
 GET / 200 in 92ms
 ○ Compiling /projects ...
 ✓ Compiled /projects in 1455ms (1284 modules)
 GET /about 200 in 1767ms
 GET /contact 200 in 1722ms
 GET /training 200 in 1736ms
 GET /consulting 200 in 1726ms
 GET /projects 200 in 1723ms
 GET /contact?type=custom-training 200 in 96ms
 GET /contact?program=training 200 in 99ms
 GET /contact?service=AI-Powered%20DevOps%20Automation 200 in 212ms
 GET /contact?service=Code%20Quality%20Enhancement%20with%20AI 200 in 194ms
 GET /contact?type=consultation 200 in 209ms
 GET /contact?service=Intelligent%20Cloud%20Cost%20Optimization 200 in 194ms
 GET /contact?type=custom-training 200 in 101ms
 GET /training 200 in 102ms
 GET /projects 200 in 120ms
 GET /contact 200 in 121ms
 GET /contact?program=training 200 in 121ms
 GET /contact?type=consultation 200 in 121ms
 GET /about 200 in 151ms
 GET /consulting 200 in 152ms
 GET / 200 in 153ms
 GET /contact?service=AI-Powered%20DevOps%20Automation 200 in 40ms
 GET /contact?service=Intelligent%20Cloud%20Cost%20Optimization 200 in 43ms
 GET /contact?service=Code%20Quality%20Enhancement%20with%20AI 200 in 40ms
 GET / 200 in 49ms
 GET /contact 200 in 28ms
 GET /about 200 in 35ms
 GET / 200 in 63ms
 GET /about 200 in 30ms
 GET /contact 200 in 25ms
 GET /consulting 200 in 34ms
 GET /training 200 in 27ms
 GET /projects 200 in 34ms
[?25h
