  ▲ Next.js 14.2.28
  - Local:        http://localhost:3000
  - Environments: .env
  - Experiments (use with caution):
    · outputFileTracingRoot

 ✓ Starting...
 ✓ Ready in 1679ms
 ○ Compiling / ...
 ✓ Compiled / in 2.1s (1242 modules)
 GET / 200 in 2702ms
 ✓ Compiled in 560ms (627 modules)
 GET / 200 in 215ms
 ○ Compiling /contact ...
 ✓ Compiled /contact in 1195ms (1284 modules)
 GET /about 200 in 1475ms
 GET /projects 200 in 1353ms
 GET /consulting 200 in 1358ms
 GET /contact 200 in 1356ms
 GET /training 200 in 1366ms
 GET /contact?program=training 200 in 69ms
 GET /contact?type=custom-training 200 in 68ms
 GET /contact?service=AI-Powered%20DevOps%20Automation 200 in 127ms
 GET /contact?service=Intelligent%20Cloud%20Cost%20Optimization 200 in 124ms
 GET /contact?service=Code%20Quality%20Enhancement%20with%20AI 200 in 124ms
 GET /contact?type=consultation 200 in 136ms
 GET /contact?type=consultation 200 in 99ms
 GET /contact?program=training 200 in 99ms
 GET /contact 200 in 100ms
 GET /contact?type=custom-training 200 in 110ms
 GET /contact?service=Code%20Quality%20Enhancement%20with%20AI 200 in 111ms
 GET /contact?service=Intelligent%20Cloud%20Cost%20Optimization 200 in 111ms
 GET /contact?service=AI-Powered%20DevOps%20Automation 200 in 111ms
 GET /training 200 in 137ms
 GET /about 200 in 157ms
 GET / 200 in 162ms
 GET /consulting 200 in 68ms
 GET /projects 200 in 64ms
 GET / 200 in 38ms
 GET /about 200 in 25ms
 GET /projects 200 in 28ms
 GET /training 200 in 26ms
 GET / 200 in 66ms
 GET /about 200 in 33ms
[?25h
