➤ YN0000: · Yarn 4.9.2
➤ YN0000: ┌ Resolution step
➤ YN0000: └ Completed
➤ YN0000: ┌ Post-resolution validation
➤ YN0060: │ @typescript-eslint/parser is listed by your project with version 7.0.0 (p6cb6c), which doesn't satisfy what @typescript-eslint/eslint-plugin requests (^6.0.0-alpha).
➤ YN0060: │ eslint is listed by your project with version 9.24.0 (pe6e00), which doesn't satisfy what @typescript-eslint/eslint-plugin and other dependencies request (^8.57.0).
➤ YN0002: │ app@workspace:. doesn't provide prettier (pd88b5), requested by eslint-plugin-prettier.
➤ YN0086: │ Some peer dependencies are incorrectly met by your project; run yarn explain peer-requirements <hash> for details, where <hash> is the six-letter p-prefixed code.
➤ YN0086: │ Some peer dependencies are incorrectly met by dependencies; run yarn explain peer-requirements for details.
➤ YN0000: └ Completed
➤ YN0000: ┌ Fetch step
➤ YN0000: └ Completed in 2s 716ms
➤ YN0000: ┌ Link step
➤ YN0000: └ Completed in 0s 538ms
➤ YN0000: · Done with warnings in 3s 585ms
Environment variables loaded from .env
Prisma schema loaded from prisma/schema.prisma

✔ Generated Prisma Client (v6.7.0) to ./node_modules/.prisma/client in 92ms

Start by importing your Prisma Client (See: https://pris.ly/d/importing-client)

Tip: Want real-time updates to your database without manual polling? Discover how with Pulse: https://pris.ly/tip-0-pulse

  ▲ Next.js 14.2.28
  - Local:        http://localhost:3000
  - Environments: .env
  - Experiments (use with caution):
    · outputFileTracingRoot

 ✓ Starting...
 ✓ Ready in 1574ms
 ○ Compiling / ...
 ✓ Compiled / in 2.2s (1183 modules)
 GET / 200 in 2660ms
 ✓ Compiled in 489ms (597 modules)
 GET / 200 in 66ms
 GET / 200 in 49ms
 GET / 200 in 37ms
 ○ Compiling /projects ...
 ✓ Compiled /projects in 715ms (1222 modules)
 ○ Compiling /training ...
 ✓ Compiled /training in 558ms (1211 modules)
 ✓ Compiled /projects in 142ms (620 modules)
 ✓ Compiled /about in 424ms (1244 modules)
 GET / 200 in 112ms
 GET / 200 in 42ms
 GET / 200 in 37ms
 GET / 200 in 38ms
 ○ Compiling /consulting ...
 ✓ Compiled /consulting in 866ms (1222 modules)
 GET / 200 in 102ms
 GET / 200 in 37ms
 GET / 200 in 38ms
 GET / 200 in 34ms
 ○ Compiling /contact ...
 ✓ Compiled /contact in 505ms (1219 modules)
 ✓ Compiled /training in 185ms (570 modules)
 ✓ Compiled /consulting in 114ms (581 modules)
 ✓ Compiled /projects in 324ms (608 modules)
 ✓ Compiled / in 113ms (625 modules)
 GET / 200 in 229ms
