  ▲ Next.js 14.2.28
  - Local:        http://localhost:3000
  - Environments: .env
  - Experiments (use with caution):
    · outputFileTracingRoot

 ✓ Starting...
 ✓ Ready in 1753ms
 ○ Compiling / ...
 ✓ Compiled / in 2.9s (1242 modules)
 GET / 200 in 3588ms
 ✓ Compiled in 720ms (627 modules)
 GET / 200 in 77ms
 GET / 200 in 67ms
 GET / 200 in 55ms
 ✓ Compiled /_not-found in 489ms (1233 modules)
 GET / 404 in 623ms
 GET / 404 in 490ms
 GET /_next/static/chunks/app/layout.js 404 in 55ms
 GET /_next/static/chunks/main-app.js?v=1750593849749 404 in 39ms
 GET /_next/static/css/app/layout.css?v=1750593849749 404 in 33ms
 GET /_next/static/chunks/app-pages-internals.js 404 in 24ms
 GET / 200 in 88ms
 GET / 200 in 50ms
 GET /_next/static/css/app/layout.css?v=1750593855842 404 in 57ms
 GET /_next/static/chunks/app-pages-internals.js 404 in 59ms
 GET /_next/static/chunks/main-app.js?v=1750593855842 404 in 34ms
 GET /_next/static/chunks/app/page.js 404 in 28ms
 GET /_next/static/chunks/app/layout.js 404 in 17ms
 GET / 200 in 52ms
 GET /_next/static/css/app/layout.css?v=1750593860525 404 in 15ms
 GET /_next/static/chunks/app/page.js 404 in 47ms
 GET /_next/static/chunks/main-app.js?v=1750593860525 404 in 46ms
 GET /_next/static/chunks/app-pages-internals.js 404 in 44ms
 GET /_next/static/chunks/app/layout.js 404 in 26ms
 GET / 200 in 75ms
 GET / 200 in 48ms
 GET /_next/static/chunks/app-pages-internals.js 404 in 28ms
 GET /_next/static/css/app/layout.css?v=1750593885733 404 in 30ms
 GET / 200 in 46ms
 GET /_next/static/chunks/app-pages-internals.js 404 in 51ms
 GET /_next/static/chunks/main-app.js?v=1750593886391 404 in 56ms
 GET /_next/static/chunks/app/layout.js 404 in 63ms
 GET /_next/static/css/app/layout.css?v=1750593886391 404 in 36ms
 GET /_next/static/chunks/app/page.js 404 in 38ms
 GET /_next/static/chunks/main-app.js?v=1750593885733 404 in 46ms
 GET /_next/static/chunks/app/layout.js 404 in 40ms
 GET /_next/static/chunks/app/page.js 404 in 29ms
 GET / 200 in 54ms
 GET /_next/static/css/app/layout.css?v=1750594063964 404 in 20ms
 GET /_next/static/chunks/app-pages-internals.js 404 in 33ms
 GET /_next/static/chunks/main-app.js?v=1750594063964 404 in 32ms
 GET /_next/static/chunks/app/page.js 404 in 23ms
 GET /_next/static/chunks/app/layout.js 404 in 17ms
[?25h
