  ▲ Next.js 14.2.28
  - Local:        http://localhost:3000
  - Environments: .env
  - Experiments (use with caution):
    · outputFileTracingRoot

 ✓ Starting...
 ✓ Ready in 1670ms
 ○ Compiling / ...
 ✓ Compiled / in 2.1s (1242 modules)
 GET / 200 in 2685ms
 ✓ Compiled in 589ms (627 modules)
 GET / 200 in 114ms
 ○ Compiling /projects ...
 ✓ Compiled /projects in 1283ms (1284 modules)
 GET /consulting 200 in 1626ms
 GET /projects 200 in 1626ms
 GET /contact 200 in 1616ms
 GET /training 200 in 1639ms
 GET /about 200 in 1657ms
 GET /contact?program=training 200 in 51ms
 GET /contact?service=Code%20Quality%20Enhancement%20with%20AI 200 in 136ms
 GET /contact?service=AI-Powered%20DevOps%20Automation 200 in 133ms
 GET /contact?type=custom-training 200 in 132ms
 GET /contact?service=Intelligent%20Cloud%20Cost%20Optimization 200 in 131ms
 GET /contact?type=consultation 200 in 130ms
 GET /contact?service=Code%20Quality%20Enhancement%20with%20AI 200 in 103ms
 GET /contact 200 in 112ms
 GET /contact?program=training 200 in 112ms
 GET /contact?service=AI-Powered%20DevOps%20Automation 200 in 112ms
 GET /contact?service=Intelligent%20Cloud%20Cost%20Optimization 200 in 112ms
 GET /contact?type=consultation 200 in 112ms
 GET /contact?type=custom-training 200 in 139ms
 GET /about 200 in 146ms
 GET /training 200 in 149ms
 GET / 200 in 149ms
 GET /consulting 200 in 40ms
 GET /projects 200 in 40ms
 GET / 200 in 48ms
 GET /about 200 in 38ms
 GET /projects 200 in 59ms
[?25h
