 ⚠ Unsupported metadata viewport is configured in metadata export in /. Please move it to viewport export instead.
Read more: https://nextjs.org/docs/app/api-reference/functions/generate-viewport
 ⚠ Unsupported metadata viewport is configured in metadata export in /. Please move it to viewport export instead.
Read more: https://nextjs.org/docs/app/api-reference/functions/generate-viewport
 ⚠ Unsupported metadata viewport is configured in metadata export in /about. Please move it to viewport export instead.
Read more: https://nextjs.org/docs/app/api-reference/functions/generate-viewport
 ⚠ Unsupported metadata viewport is configured in metadata export in /contact. Please move it to viewport export instead.
Read more: https://nextjs.org/docs/app/api-reference/functions/generate-viewport
 ⚠ Unsupported metadata viewport is configured in metadata export in /training. Please move it to viewport export instead.
Read more: https://nextjs.org/docs/app/api-reference/functions/generate-viewport
 ⚠ Unsupported metadata viewport is configured in metadata export in /consulting. Please move it to viewport export instead.
Read more: https://nextjs.org/docs/app/api-reference/functions/generate-viewport
 ⚠ Unsupported metadata viewport is configured in metadata export in /projects. Please move it to viewport export instead.
Read more: https://nextjs.org/docs/app/api-reference/functions/generate-viewport
 ⚠ Unsupported metadata viewport is configured in metadata export in /contact. Please move it to viewport export instead.
Read more: https://nextjs.org/docs/app/api-reference/functions/generate-viewport
 ⚠ Unsupported metadata viewport is configured in metadata export in /contact. Please move it to viewport export instead.
Read more: https://nextjs.org/docs/app/api-reference/functions/generate-viewport
 ⚠ Unsupported metadata viewport is configured in metadata export in /contact. Please move it to viewport export instead.
Read more: https://nextjs.org/docs/app/api-reference/functions/generate-viewport
 ⚠ Unsupported metadata viewport is configured in metadata export in /contact. Please move it to viewport export instead.
Read more: https://nextjs.org/docs/app/api-reference/functions/generate-viewport
 ⚠ Unsupported metadata viewport is configured in metadata export in /contact. Please move it to viewport export instead.
Read more: https://nextjs.org/docs/app/api-reference/functions/generate-viewport
 ⚠ Unsupported metadata viewport is configured in metadata export in /contact. Please move it to viewport export instead.
Read more: https://nextjs.org/docs/app/api-reference/functions/generate-viewport
 ⚠ Unsupported metadata viewport is configured in metadata export in /contact. Please move it to viewport export instead.
Read more: https://nextjs.org/docs/app/api-reference/functions/generate-viewport
 ⚠ Unsupported metadata viewport is configured in metadata export in /contact. Please move it to viewport export instead.
Read more: https://nextjs.org/docs/app/api-reference/functions/generate-viewport
 ⚠ Unsupported metadata viewport is configured in metadata export in /contact. Please move it to viewport export instead.
Read more: https://nextjs.org/docs/app/api-reference/functions/generate-viewport
 ⚠ Unsupported metadata viewport is configured in metadata export in /contact. Please move it to viewport export instead.
Read more: https://nextjs.org/docs/app/api-reference/functions/generate-viewport
 ⚠ Unsupported metadata viewport is configured in metadata export in /contact. Please move it to viewport export instead.
Read more: https://nextjs.org/docs/app/api-reference/functions/generate-viewport
 ⚠ Unsupported metadata viewport is configured in metadata export in /contact. Please move it to viewport export instead.
Read more: https://nextjs.org/docs/app/api-reference/functions/generate-viewport
 ⚠ Unsupported metadata viewport is configured in metadata export in /contact. Please move it to viewport export instead.
Read more: https://nextjs.org/docs/app/api-reference/functions/generate-viewport
 ⚠ Unsupported metadata viewport is configured in metadata export in /. Please move it to viewport export instead.
Read more: https://nextjs.org/docs/app/api-reference/functions/generate-viewport
 ⚠ Unsupported metadata viewport is configured in metadata export in /training. Please move it to viewport export instead.
Read more: https://nextjs.org/docs/app/api-reference/functions/generate-viewport
 ⚠ Unsupported metadata viewport is configured in metadata export in /consulting. Please move it to viewport export instead.
Read more: https://nextjs.org/docs/app/api-reference/functions/generate-viewport
 ⚠ Unsupported metadata viewport is configured in metadata export in /about. Please move it to viewport export instead.
Read more: https://nextjs.org/docs/app/api-reference/functions/generate-viewport
 ⚠ Unsupported metadata viewport is configured in metadata export in /projects. Please move it to viewport export instead.
Read more: https://nextjs.org/docs/app/api-reference/functions/generate-viewport
 ⚠ Unsupported metadata viewport is configured in metadata export in /. Please move it to viewport export instead.
Read more: https://nextjs.org/docs/app/api-reference/functions/generate-viewport
 ⚠ Unsupported metadata viewport is configured in metadata export in /. Please move it to viewport export instead.
Read more: https://nextjs.org/docs/app/api-reference/functions/generate-viewport
 ⚠ Unsupported metadata viewport is configured in metadata export in /. Please move it to viewport export instead.
Read more: https://nextjs.org/docs/app/api-reference/functions/generate-viewport
 ⚠ Unsupported metadata viewport is configured in metadata export in /. Please move it to viewport export instead.
Read more: https://nextjs.org/docs/app/api-reference/functions/generate-viewport
 ⚠ Unsupported metadata viewport is configured in metadata export in /. Please move it to viewport export instead.
Read more: https://nextjs.org/docs/app/api-reference/functions/generate-viewport
 ⚠ Unsupported metadata viewport is configured in metadata export in /. Please move it to viewport export instead.
Read more: https://nextjs.org/docs/app/api-reference/functions/generate-viewport
 ⚠ Unsupported metadata viewport is configured in metadata export in /. Please move it to viewport export instead.
Read more: https://nextjs.org/docs/app/api-reference/functions/generate-viewport
 ⨯ ./components/navigation.tsx
Error: 
  [31mx[0m Unexpected token `nav`. Expected jsx identifier
    ,-[[36;1;4m/home/ubuntu/brewai-website/app/components/navigation.tsx[0m:28:1]
 [2m28[0m |   ]
 [2m29[0m | 
 [2m30[0m |   return (
 [2m31[0m |     <nav
    : [31;1m     ^^^[0m
 [2m32[0m |       className={`fixed top-0 left-0 right-0 z-50 transition-all duration-300 ${
 [2m33[0m |         scrolled ? 'bg-white shadow-lg backdrop-blur-md' : 'bg-white/95 backdrop-blur-sm'
 [2m34[0m |       }`}
    `----

Caused by:
    Syntax Error

Import trace for requested module:
./components/navigation.tsx
./app/layout.tsx
 ⨯ ./components/navigation.tsx
Error: 
  [31mx[0m Unexpected token `nav`. Expected jsx identifier
    ,-[[36;1;4m/home/ubuntu/brewai-website/app/components/navigation.tsx[0m:28:1]
 [2m28[0m |   ]
 [2m29[0m | 
 [2m30[0m |   return (
 [2m31[0m |     <nav
    : [31;1m     ^^^[0m
 [2m32[0m |       className={`fixed top-0 left-0 right-0 z-50 transition-all duration-300 ${
 [2m33[0m |         scrolled ? 'bg-white shadow-lg backdrop-blur-md' : 'bg-white/95 backdrop-blur-sm'
 [2m34[0m |       }`}
    `----

Caused by:
    Syntax Error

Import trace for requested module:
./components/navigation.tsx
./app/layout.tsx
 ⨯ ./components/navigation.tsx
Error: 
  [31mx[0m Unexpected token `nav`. Expected jsx identifier
    ,-[[36;1;4m/home/ubuntu/brewai-website/app/components/navigation.tsx[0m:28:1]
 [2m28[0m |   ]
 [2m29[0m | 
 [2m30[0m |   return (
 [2m31[0m |     <nav
    : [31;1m     ^^^[0m
 [2m32[0m |       className={`fixed top-0 left-0 right-0 z-50 transition-all duration-300 ${
 [2m33[0m |         scrolled ? 'bg-white shadow-lg backdrop-blur-md' : 'bg-white/95 backdrop-blur-sm'
 [2m34[0m |       }`}
    `----

Caused by:
    Syntax Error

Import trace for requested module:
./components/navigation.tsx
./app/layout.tsx
 ⚠ Fast Refresh had to perform a full reload due to a runtime error.
 ⚠ Fast Refresh had to perform a full reload due to a runtime error.
 ⨯ ./components/navigation.tsx
Error: 
  [31mx[0m Unexpected token `nav`. Expected jsx identifier
    ,-[[36;1;4m/home/ubuntu/brewai-website/app/components/navigation.tsx[0m:28:1]
 [2m28[0m |   ]
 [2m29[0m | 
 [2m30[0m |   return (
 [2m31[0m |     <nav
    : [31;1m     ^^^[0m
 [2m32[0m |       className={`fixed top-0 left-0 right-0 z-50 transition-all duration-300 ${
 [2m33[0m |         scrolled ? 'bg-white shadow-lg backdrop-blur-md' : 'bg-white/95 backdrop-blur-sm'
 [2m34[0m |       }`}
    `----

Caused by:
    Syntax Error

Import trace for requested module:
./components/navigation.tsx
./app/layout.tsx
 ⚠ Fast Refresh had to perform a full reload due to a runtime error.
 ⚠ Unsupported metadata viewport is configured in metadata export in /. Please move it to viewport export instead.
Read more: https://nextjs.org/docs/app/api-reference/functions/generate-viewport
 ⚠ Unsupported metadata viewport is configured in metadata export in /. Please move it to viewport export instead.
Read more: https://nextjs.org/docs/app/api-reference/functions/generate-viewport
 ⚠ Unsupported metadata viewport is configured in metadata export in /. Please move it to viewport export instead.
Read more: https://nextjs.org/docs/app/api-reference/functions/generate-viewport
 ⚠ Unsupported metadata viewport is configured in metadata export in /. Please move it to viewport export instead.
Read more: https://nextjs.org/docs/app/api-reference/functions/generate-viewport
