  ▲ Next.js 14.2.28
  - Local:        http://localhost:3000
  - Environments: .env
  - Experiments (use with caution):
    · outputFileTracingRoot

 ✓ Starting...
 ✓ Ready in 1609ms
 ○ Compiling / ...
 ✓ Compiled / in 2.4s (1194 modules)
 GET / 200 in 3058ms
 ✓ Compiled in 623ms (603 modules)
 ○ Compiling /training ...
 ✓ Compiled /training in 1251ms (1256 modules)
 GET /projects 200 in 1606ms
 GET /about 200 in 1568ms
 GET /consulting 200 in 1567ms
 GET /contact 200 in 1578ms
 GET /training 200 in 1465ms
 GET / 200 in 1474ms
 GET /contact?program=training 200 in 52ms
 GET /contact?service=Code%20Quality%20Enhancement%20with%20AI 200 in 138ms
 GET /contact?service=AI-Powered%20DevOps%20Automation 200 in 131ms
 GET /contact?type=custom-training 200 in 129ms
 GET /contact?service=Intelligent%20Cloud%20Cost%20Optimization 200 in 127ms
 GET /contact?type=consultation 200 in 131ms
 GET / 200 in 106ms
 GET /contact 200 in 146ms
 GET /contact?service=Intelligent%20Cloud%20Cost%20Optimization 200 in 146ms
 GET /contact?type=custom-training 200 in 146ms
 GET /contact?program=training 200 in 147ms
 GET /consulting 200 in 153ms
 GET /training 200 in 154ms
 GET /projects 200 in 154ms
 GET /contact?service=AI-Powered%20DevOps%20Automation 200 in 154ms
 GET /about 200 in 165ms
 GET /contact?type=consultation 200 in 43ms
 GET /contact?service=Code%20Quality%20Enhancement%20with%20AI 200 in 32ms
 GET / 200 in 40ms
 GET / 200 in 32ms
[?25h
