  ▲ Next.js 14.2.28
  - Local:        http://localhost:3000
  - Environments: .env
  - Experiments (use with caution):
    · outputFileTracingRoot

 ✓ Starting...
 ✓ Ready in 1744ms
 ○ Compiling / ...
 ✓ Compiled / in 2.6s (1242 modules)
 GET / 200 in 2850ms
 GET / 200 in 3256ms
 ✓ Compiled in 646ms (627 modules)
 GET / 200 in 68ms
 ✓ Compiled /_not-found in 479ms (1233 modules)
 GET / 404 in 823ms
 GET / 200 in 502ms
 GET /_next/static/css/app/layout.css?v=1750593463547 404 in 20ms
 GET /_next/static/chunks/main-app.js?v=1750593463547 404 in 20ms
 GET / 200 in 58ms
 GET /_next/static/css/app/layout.css?v=1750593464235 404 in 21ms
 GET /_next/static/chunks/main-app.js?v=1750593464235 404 in 21ms
 GET /_next/static/chunks/app-pages-internals.js 404 in 21ms
 GET /_next/static/chunks/app/page.js 404 in 22ms
 GET /_next/static/chunks/app/layout.js 404 in 21ms
 GET / 200 in 72ms
 GET /_next/static/media/e4af272ccee01ff0-s.p.woff2 404 in 35ms
 GET /_next/static/css/app/layout.css?v=1750593508902 404 in 34ms
 GET /_next/static/media/bb3ef058b751a6ad-s.p.woff2 404 in 18ms
 GET /_next/static/chunks/app-pages-internals.js 404 in 20ms
 GET /_next/static/chunks/app/page.js 404 in 17ms
 GET /_next/static/chunks/app/layout.js 404 in 17ms
 GET /_next/static/chunks/main-app.js?v=1750593508902 404 in 20ms
 GET / 200 in 175ms
 GET /_next/static/media/e4af272ccee01ff0-s.p.woff2 404 in 56ms
 GET /_next/static/css/app/layout.css?v=1750593523106 404 in 58ms
 GET /_next/static/media/bb3ef058b751a6ad-s.p.woff2 404 in 57ms
 GET /_next/static/chunks/app-pages-internals.js 404 in 35ms
 GET /_next/static/chunks/app/page.js 404 in 29ms
 GET /_next/static/chunks/main-app.js?v=1750593523106 404 in 19ms
 GET /_next/static/chunks/app/layout.js 404 in 17ms
 GET / 200 in 48ms
 GET /_next/static/css/app/layout.css?v=1750593602349 404 in 41ms
 GET /_next/static/media/e4af272ccee01ff0-s.p.woff2 404 in 56ms
 GET /_next/static/media/bb3ef058b751a6ad-s.p.woff2 404 in 42ms
 GET /_next/static/chunks/app/layout.js 404 in 34ms
 GET /_next/static/chunks/main-app.js?v=1750593602349 404 in 40ms
 GET /_next/static/chunks/app-pages-internals.js 404 in 17ms
 GET /_next/static/chunks/app/page.js 404 in 20ms
 ○ Compiling /_error ...
 ✓ Compiled /_error in 948ms (1460 modules)
 GET / 404 in 1092ms
[?25h
