➤ YN0000: · Yarn 4.9.2
➤ YN0000: ┌ Resolution step
➤ YN0000: └ Completed
➤ YN0000: ┌ Post-resolution validation
➤ YN0060: │ @typescript-eslint/parser is listed by your project with version 7.0.0 (p6cb6c), which doesn't satisfy what @typescript-eslint/eslint-plugin requests (^6.0.0-alpha).
➤ YN0060: │ eslint is listed by your project with version 9.24.0 (pe6e00), which doesn't satisfy what @typescript-eslint/eslint-plugin and other dependencies request (^8.57.0).
➤ YN0002: │ app@workspace:. doesn't provide prettier (pd88b5), requested by eslint-plugin-prettier.
➤ YN0086: │ Some peer dependencies are incorrectly met by your project; run yarn explain peer-requirements <hash> for details, where <hash> is the six-letter p-prefixed code.
➤ YN0086: │ Some peer dependencies are incorrectly met by dependencies; run yarn explain peer-requirements for details.
➤ YN0000: └ Completed
➤ YN0000: ┌ Fetch step
➤ YN0000: └ Completed in 2s 797ms
➤ YN0000: ┌ Link step
➤ YN0000: └ Completed in 0s 568ms
➤ YN0000: · Done with warnings in 3s 603ms
Environment variables loaded from .env
Prisma schema loaded from prisma/schema.prisma

✔ Generated Prisma Client (v6.7.0) to ./node_modules/.prisma/client in 85ms

Start by importing your Prisma Client (See: https://pris.ly/d/importing-client)

Tip: Easily identify and fix slow SQL queries in your app. Optimize helps you enhance your visibility: https://pris.ly/--optimize

  ▲ Next.js 14.2.28
  - Local:        http://localhost:3000
  - Environments: .env
  - Experiments (use with caution):
    · outputFileTracingRoot

 ✓ Starting...
 ✓ Ready in 1678ms
 ○ Compiling / ...
 ✓ Compiled / in 3.8s (1256 modules)
 GET / 200 in 4134ms
 ✓ Compiled in 530ms (627 modules)
 GET / 200 in 62ms
 GET / 200 in 59ms
 GET / 200 in 54ms
 ○ Compiling /training ...
 ✓ Compiled /training in 593ms (1209 modules)
 ✓ Compiled /projects in 411ms (1225 modules)
 ✓ Compiled in 510ms (640 modules)
 ✓ Compiled in 391ms (640 modules)
 ✓ Compiled in 365ms (640 modules)
 ✓ Compiled in 289ms (640 modules)
 ✓ Compiled in 556ms (640 modules)
 ✓ Compiled in 385ms (640 modules)
 ✓ Compiled in 411ms (640 modules)
 ✓ Compiled in 344ms (640 modules)
 ✓ Compiled in 358ms (640 modules)
 ✓ Compiled in 358ms (640 modules)
 ✓ Compiled in 353ms (640 modules)
 ✓ Compiled in 381ms (640 modules)
 ✓ Compiled in 330ms (640 modules)
 ✓ Compiled in 382ms (640 modules)
 ✓ Compiled in 318ms (640 modules)
 ✓ Compiled in 530ms (640 modules)
 ✓ Compiled in 388ms (640 modules)
 ✓ Compiled in 375ms (640 modules)
 ✓ Compiled in 297ms (640 modules)
[?25h
