  ▲ Next.js 14.2.28
  - Local:        http://localhost:3000
  - Environments: .env
  - Experiments (use with caution):
    · outputFileTracingRoot

 ✓ Starting...
 ✓ Ready in 1623ms
 ○ Compiling / ...
 ✓ Compiled / in 1928ms (1242 modules)
 GET / 200 in 2473ms
 ✓ Compiled in 557ms (627 modules)
 GET / 200 in 98ms
 ○ Compiling /contact ...
 ✓ Compiled /contact in 1235ms (1284 modules)
 GET /projects 200 in 1528ms
 GET /contact 200 in 1526ms
 GET /about 200 in 1563ms
 GET /consulting 200 in 1534ms
 GET /training 200 in 1542ms
 GET /contact?program=training 200 in 51ms
 GET /contact?service=AI-Powered%20DevOps%20Automation 200 in 147ms
 GET /contact?service=Code%20Quality%20Enhancement%20with%20AI 200 in 142ms
 GET /contact?type=custom-training 200 in 146ms
 GET /contact?type=consultation 200 in 142ms
 GET /contact?service=Intelligent%20Cloud%20Cost%20Optimization 200 in 165ms
 GET /projects 200 in 119ms
 GET /contact 200 in 126ms
 GET /contact?type=custom-training 200 in 126ms
 GET /contact?service=AI-Powered%20DevOps%20Automation 200 in 127ms
 GET /contact?program=training 200 in 127ms
 GET /contact?service=Intelligent%20Cloud%20Cost%20Optimization 200 in 128ms
 GET /about 200 in 128ms
 GET /contact?service=Code%20Quality%20Enhancement%20with%20AI 200 in 130ms
 GET /training 200 in 135ms
 GET /consulting 200 in 139ms
 GET / 200 in 59ms
 GET /contact?type=consultation 200 in 61ms
 GET / 200 in 37ms
 GET /training 200 in 28ms
 GET /projects 200 in 22ms
 GET /about 200 in 24ms
 GET /contact 200 in 22ms
[?25h
