  ▲ Next.js 14.2.28
  - Local:        http://localhost:3000
  - Environments: .env
  - Experiments (use with caution):
    · outputFileTracingRoot

 ✓ Starting...
 ✓ Ready in 1917ms
 ○ Compiling / ...
 ✓ Compiled / in 4.3s (1230 modules)
 ✓ Compiled in 641ms (614 modules)
 GET / 200 in 5036ms
 ○ Compiling /contact ...
 ✓ Compiled /contact in 2.9s (1262 modules)
 GET / 200 in 3267ms
 GET /projects 200 in 3211ms
 GET /consulting 200 in 3289ms
 GET /contact 200 in 3140ms
 GET /training 200 in 3296ms
 GET /about 200 in 3151ms
 GET /contact?program=training 200 in 66ms
 GET /contact?type=custom-training 200 in 242ms
 GET /contact?service=Intelligent%20Cloud%20Cost%20Optimization 200 in 236ms
 GET /contact?service=AI-Powered%20DevOps%20Automation 200 in 234ms
 GET /contact?service=Code%20Quality%20Enhancement%20with%20AI 200 in 232ms
 GET /contact?type=consultation 200 in 231ms
 GET /contact?service=AI-Powered%20DevOps%20Automation 200 in 139ms
 GET /contact 200 in 139ms
 GET /contact?service=Code%20Quality%20Enhancement%20with%20AI 200 in 149ms
 GET /contact?type=consultation 200 in 149ms
 GET /contact?type=custom-training 200 in 150ms
 GET /training 200 in 157ms
 GET / 200 in 158ms
 GET /consulting 200 in 167ms
 GET /about 200 in 173ms
 GET /contact?program=training 200 in 75ms
 GET /projects 200 in 61ms
 GET /contact?service=Intelligent%20Cloud%20Cost%20Optimization 200 in 63ms
 HEAD / 200 in 35ms
 GET / 200 in 47ms
[?25h
