➤ YN0000: · Yarn 4.9.2
➤ YN0000: ┌ Resolution step
➤ YN0000: └ Completed
➤ YN0000: ┌ Post-resolution validation
➤ YN0060: │ @typescript-eslint/parser is listed by your project with version 7.0.0 (p6cb6c), which doesn't satisfy what @typescript-eslint/eslint-plugin requests (^6.0.0-alpha).
➤ YN0060: │ eslint is listed by your project with version 9.24.0 (pe6e00), which doesn't satisfy what @typescript-eslint/eslint-plugin and other dependencies request (^8.57.0).
➤ YN0002: │ app@workspace:. doesn't provide prettier (pd88b5), requested by eslint-plugin-prettier.
➤ YN0086: │ Some peer dependencies are incorrectly met by your project; run yarn explain peer-requirements <hash> for details, where <hash> is the six-letter p-prefixed code.
➤ YN0086: │ Some peer dependencies are incorrectly met by dependencies; run yarn explain peer-requirements for details.
➤ YN0000: └ Completed
➤ YN0000: ┌ Fetch step
➤ YN0000: └ Completed in 2s 655ms
➤ YN0000: ┌ Link step
➤ YN0000: └ Completed in 0s 519ms
➤ YN0000: · Done with warnings in 3s 410ms
Environment variables loaded from .env
Prisma schema loaded from prisma/schema.prisma

✔ Generated Prisma Client (v6.7.0) to ./node_modules/.prisma/client in 99ms

Start by importing your Prisma Client (See: https://pris.ly/d/importing-client)

Tip: Want to turn off tips and other hints? https://pris.ly/tip-4-nohints

  ▲ Next.js 14.2.28
  - Local:        http://localhost:3000
  - Environments: .env
  - Experiments (use with caution):
    · outputFileTracingRoot

 ✓ Starting...
 ✓ Ready in 1706ms
 ○ Compiling / ...
 ✓ Compiled / in 2.1s (1242 modules)
 GET / 200 in 2736ms
 ✓ Compiled in 565ms (627 modules)
 GET / 200 in 69ms
 GET / 200 in 59ms
 ○ Compiling /contact ...
 ✓ Compiled /contact in 544ms (1203 modules)
 ✓ Compiled /about in 495ms (1216 modules)
 ✓ Compiled / in 216ms (629 modules)
 ✓ Compiled in 490ms (637 modules)
 ✓ Compiled in 403ms (637 modules)
 ✓ Compiled in 368ms (637 modules)
 ✓ Compiled in 470ms (637 modules)
 ✓ Compiled in 425ms (637 modules)
 ✓ Compiled in 348ms (637 modules)
 ✓ Compiled in 520ms (637 modules)
[?25h
