  ▲ Next.js 14.2.28
  - Local:        http://localhost:3000
  - Environments: .env
  - Experiments (use with caution):
    · outputFileTracingRoot

 ✓ Starting...
 ✓ Ready in 1562ms
 ○ Compiling / ...
 ✓ Compiled / in 2.4s (1194 modules)
 GET / 200 in 3060ms
 ✓ Compiled in 593ms (603 modules)
 GET / 200 in 194ms
 ○ Compiling /contact ...
 ✓ Compiled /contact in 1806ms (1256 modules)
 GET /projects 200 in 2095ms
 GET /consulting 200 in 2130ms
 GET /about 200 in 2090ms
 GET /contact 200 in 2072ms
 GET /training 200 in 2136ms
 GET /contact?program=training 200 in 92ms
 GET /contact?service=AI-Powered%20DevOps%20Automation 200 in 91ms
 GET /contact?type=consultation 200 in 173ms
 GET /contact?service=Intelligent%20Cloud%20Cost%20Optimization 200 in 194ms
 GET /contact?service=Code%20Quality%20Enhancement%20with%20AI 200 in 194ms
 GET /contact?type=custom-training 200 in 194ms
 GET /contact?program=training 200 in 250ms
 GET /contact?service=AI-Powered%20DevOps%20Automation 200 in 252ms
 GET /contact?service=Code%20Quality%20Enhancement%20with%20AI 200 in 252ms
 GET /training 200 in 278ms
 GET /contact?type=consultation 200 in 278ms
 GET /contact?service=Intelligent%20Cloud%20Cost%20Optimization 200 in 278ms
 GET /contact?type=custom-training 200 in 278ms
 GET /projects 200 in 289ms
 GET /about 200 in 305ms
 GET / 200 in 309ms
 GET /contact 200 in 63ms
 GET /consulting 200 in 50ms
 GET / 200 in 37ms
 GET / 200 in 46ms
[?25h
