  ▲ Next.js 14.2.28
  - Local:        http://localhost:3000
  - Environments: .env
  - Experiments (use with caution):
    · outputFileTracingRoot

 ✓ Starting...
 ✓ Ready in 1732ms
 ○ Compiling / ...
 ✓ Compiled / in 2.8s (1216 modules)
 GET / 200 in 3454ms
 ✓ Compiled in 672ms (614 modules)
 ○ Compiling /about ...
 ✓ Compiled /about in 1344ms (1262 modules)
 GET / 200 in 1645ms
 GET /contact 200 in 1654ms
 GET /training 200 in 1662ms
 GET /consulting 200 in 1675ms
 GET /projects 200 in 1658ms
 GET /about 200 in 1656ms
 GET /contact?service=Code%20Quality%20Enhancement%20with%20AI 200 in 179ms
 GET /contact?service=AI-Powered%20DevOps%20Automation 200 in 179ms
 GET /contact?program=training 200 in 222ms
 GET /contact?service=Intelligent%20Cloud%20Cost%20Optimization 200 in 221ms
 GET /contact?type=consultation 200 in 283ms
 GET /contact?type=custom-training 200 in 257ms
 GET /contact 200 in 121ms
 GET /contact?type=consultation 200 in 122ms
 GET /contact?service=AI-Powered%20DevOps%20Automation 200 in 123ms
 GET /contact?service=Code%20Quality%20Enhancement%20with%20AI 200 in 149ms
 GET /contact?type=custom-training 200 in 149ms
 GET /consulting 200 in 179ms
 GET / 200 in 181ms
 GET /about 200 in 185ms
 GET /training 200 in 185ms
 GET /contact?service=Intelligent%20Cloud%20Cost%20Optimization 200 in 59ms
 GET /contact?program=training 200 in 69ms
 GET /projects 200 in 66ms
 GET / 200 in 37ms
 GET / 200 in 46ms
[?25h
