  ▲ Next.js 14.2.28
  - Local:        http://localhost:3000
  - Environments: .env
  - Experiments (use with caution):
    · outputFileTracingRoot

 ✓ Starting...
 ✓ Ready in 1579ms
 ○ Compiling / ...
 ✓ Compiled / in 2.5s (1194 modules)
 GET / 200 in 3162ms
 ✓ Compiled in 613ms (603 modules)
 GET / 200 in 178ms
 ○ Compiling /projects ...
 ✓ Compiled /projects in 1420ms (1256 modules)
 GET /consulting 200 in 1727ms
 GET /projects 200 in 1721ms
 GET /training 200 in 1742ms
 GET /contact 200 in 1729ms
 GET /about 200 in 1761ms
 GET /contact?program=training 200 in 78ms
 GET /contact?type=custom-training 200 in 73ms
 GET /contact?service=Intelligent%20Cloud%20Cost%20Optimization 200 in 146ms
 GET /contact?service=Code%20Quality%20Enhancement%20with%20AI 200 in 144ms
 GET /contact?type=consultation 200 in 140ms
 GET /contact?service=AI-Powered%20DevOps%20Automation 200 in 142ms
 GET /about 200 in 135ms
 GET /contact?program=training 200 in 148ms
 GET /contact?service=Intelligent%20Cloud%20Cost%20Optimization 200 in 148ms
 GET /contact?service=AI-Powered%20DevOps%20Automation 200 in 148ms
 GET /contact?service=Code%20Quality%20Enhancement%20with%20AI 200 in 148ms
 GET /contact?type=custom-training 200 in 150ms
 GET /contact?type=consultation 200 in 160ms
 GET / 200 in 166ms
 GET /projects 200 in 169ms
 GET /training 200 in 184ms
 GET /contact 200 in 55ms
 GET /consulting 200 in 52ms
 GET / 200 in 38ms
 GET / 200 in 34ms
[?25h
