  ▲ Next.js 14.2.28
  - Local:        http://localhost:3000
  - Environments: .env
  - Experiments (use with caution):
    · outputFileTracingRoot

 ✓ Starting...
 ✓ Ready in 1577ms
 ○ Compiling / ...
 ✓ Compiled / in 2.3s (1194 modules)
 GET / 200 in 2816ms
 ✓ Compiled in 463ms (603 modules)
 ○ Compiling /training ...
 ✓ Compiled /training in 1129ms (1256 modules)
 GET /projects 200 in 1496ms
 GET /consulting 200 in 1465ms
 GET /contact 200 in 1470ms
 GET /about 200 in 1497ms
 GET / 200 in 1470ms
 GET /training 200 in 1474ms
 GET /contact?program=training 200 in 43ms
 GET /contact?service=Intelligent%20Cloud%20Cost%20Optimization 200 in 133ms
 GET /contact?type=custom-training 200 in 153ms
 GET /contact?service=Code%20Quality%20Enhancement%20with%20AI 200 in 172ms
 GET /contact?service=AI-Powered%20DevOps%20Automation 200 in 202ms
 GET /contact?type=consultation 200 in 194ms
 GET /about 200 in 137ms
 GET /contact 200 in 149ms
 GET /contact?program=training 200 in 150ms
 GET /projects 200 in 150ms
 GET / 200 in 151ms
 GET /consulting 200 in 155ms
 GET /contact?service=AI-Powered%20DevOps%20Automation 200 in 154ms
 GET /contact?type=custom-training 200 in 155ms
 GET /contact?service=Intelligent%20Cloud%20Cost%20Optimization 200 in 155ms
 GET /training 200 in 158ms
 GET /contact?type=consultation 200 in 36ms
 GET /contact?service=Code%20Quality%20Enhancement%20with%20AI 200 in 37ms
 GET / 200 in 29ms
 GET / 200 in 32ms
[?25h
