  ▲ Next.js 14.2.28
  - Local:        http://localhost:3000
  - Environments: .env
  - Experiments (use with caution):
    · outputFileTracingRoot

 ✓ Starting...
 ✓ Ready in 1538ms
 ○ Compiling / ...
 ✓ Compiled / in 2.5s (1242 modules)
 GET / 200 in 3269ms
 ✓ Compiled in 715ms (627 modules)
 ○ Compiling /training ...
 ✓ Compiled /training in 1106ms (1286 modules)
 GET /contact 200 in 1503ms
 GET /projects 200 in 1518ms
 GET /consulting 200 in 1511ms
 GET /about 200 in 1520ms
 GET /training 200 in 1497ms
 GET / 200 in 1524ms
 GET /contact?program=training 200 in 85ms
 GET /contact?service=Intelligent%20Cloud%20Cost%20Optimization 200 in 204ms
 GET /contact?type=consultation 200 in 203ms
 GET /contact?service=Code%20Quality%20Enhancement%20with%20AI 200 in 203ms
 GET /contact?type=custom-training 200 in 215ms
 GET /contact?service=AI-Powered%20DevOps%20Automation 200 in 214ms
 GET /consulting 200 in 166ms
 GET / 200 in 168ms
 GET /contact?type=custom-training 200 in 175ms
 GET /contact?service=AI-Powered%20DevOps%20Automation 200 in 176ms
 GET /contact?program=training 200 in 176ms
 GET /contact?service=Code%20Quality%20Enhancement%20with%20AI 200 in 177ms
 GET /contact 200 in 177ms
 GET /contact?service=Intelligent%20Cloud%20Cost%20Optimization 200 in 177ms
 GET /contact?type=consultation 200 in 177ms
 GET /training 200 in 180ms
 GET /about 200 in 43ms
 GET /projects 200 in 44ms
 GET / 200 in 41ms
 GET / 200 in 42ms
[?25h
