  ▲ Next.js 14.2.28
  - Local:        http://localhost:3000
  - Environments: .env
  - Experiments (use with caution):
    · outputFileTracingRoot

 ✓ Starting...
 ✓ Ready in 1647ms
 ○ Compiling / ...
 ✓ Compiled / in 2.6s (1194 modules)
 GET / 200 in 3206ms
 ✓ Compiled in 609ms (603 modules)
 ○ Compiling /projects ...
 ✓ Compiled /projects in 1333ms (1256 modules)
 GET / 200 in 1684ms
 GET /training 200 in 1686ms
 GET /about 200 in 1721ms
 GET /consulting 200 in 1692ms
 GET /projects 200 in 1693ms
 GET /contact 200 in 1696ms
 GET /contact?program=training 200 in 97ms
 GET /contact?type=custom-training 200 in 127ms
 GET /contact?service=Intelligent%20Cloud%20Cost%20Optimization 200 in 186ms
 GET /contact?type=consultation 200 in 219ms
 GET /contact?service=AI-Powered%20DevOps%20Automation 200 in 219ms
 GET /contact?service=Code%20Quality%20Enhancement%20with%20AI 200 in 219ms
 GET /contact?type=custom-training 200 in 120ms
 GET /contact?service=AI-Powered%20DevOps%20Automation 200 in 121ms
 GET /contact?type=consultation 200 in 122ms
 GET /contact?service=Intelligent%20Cloud%20Cost%20Optimization 200 in 122ms
 GET /contact?program=training 200 in 123ms
 GET /contact?service=Code%20Quality%20Enhancement%20with%20AI 200 in 126ms
 GET / 200 in 144ms
 GET /projects 200 in 157ms
 GET /about 200 in 159ms
 GET /training 200 in 170ms
 GET /contact 200 in 57ms
 GET /consulting 200 in 53ms
 GET / 200 in 40ms
 GET / 200 in 88ms
[?25h
