  ▲ Next.js 14.2.28
  - Local:        http://localhost:3000
  - Environments: .env
  - Experiments (use with caution):
    · outputFileTracingRoot

 ✓ Starting...
 ✓ Ready in 2s
 ○ Compiling / ...
 ✓ Compiled / in 4.6s (1256 modules)
 GET / 200 in 5137ms
 GET / 200 in 5251ms
 ✓ Compiled in 636ms (627 modules)
 GET / 200 in 75ms
 GET / 200 in 112ms
 GET / 200 in 76ms
 GET / 200 in 51ms
 GET / 200 in 48ms
 GET / 200 in 49ms
 ○ Compiling /contact ...
 ✓ Compiled /contact in 694ms (1203 modules)
 ✓ Compiled / in 123ms (623 modules)
 ○ Compiling /consulting ...
 ✓ Compiled /consulting in 575ms (1209 modules)
 ✓ Compiled /projects in 401ms (1225 modules)
 ✓ Compiled / in 164ms (627 modules)
