 ⚠ Unsupported metadata viewport is configured in metadata export in /. Please move it to viewport export instead.
Read more: https://nextjs.org/docs/app/api-reference/functions/generate-viewport
 ⚠ Unsupported metadata viewport is configured in metadata export in /. Please move it to viewport export instead.
Read more: https://nextjs.org/docs/app/api-reference/functions/generate-viewport
 ⚠ Unsupported metadata viewport is configured in metadata export in /. Please move it to viewport export instead.
Read more: https://nextjs.org/docs/app/api-reference/functions/generate-viewport
 ⚠ Unsupported metadata viewport is configured in metadata export in /. Please move it to viewport export instead.
Read more: https://nextjs.org/docs/app/api-reference/functions/generate-viewport
 ⚠ Unsupported metadata viewport is configured in metadata export in /. Please move it to viewport export instead.
Read more: https://nextjs.org/docs/app/api-reference/functions/generate-viewport
 ⨯ Error: Invariant: missing bootstrap script. This is a bug in Next.js
    at rR (/opt/hostedapp/node/root/app/node_modules/next/dist/compiled/next-server/app-page.runtime.dev.js:39:2277)
    at /opt/hostedapp/node/root/app/node_modules/next/dist/compiled/next-server/app-page.runtime.dev.js:39:25591
    at /opt/hostedapp/node/root/app/node_modules/next/dist/server/lib/trace/tracer.js:191:62
    at /opt/hostedapp/node/root/app/node_modules/next/dist/server/lib/trace/tracer.js:140:36
    at NoopContextManager.with (/opt/hostedapp/node/root/app/node_modules/next/dist/compiled/@opentelemetry/api/index.js:1:7062)
    at ContextAPI.with (/opt/hostedapp/node/root/app/node_modules/next/dist/compiled/@opentelemetry/api/index.js:1:518)
    at NoopTracer.startActiveSpan (/opt/hostedapp/node/root/app/node_modules/next/dist/compiled/@opentelemetry/api/index.js:1:18093)
    at ProxyTracer.startActiveSpan (/opt/hostedapp/node/root/app/node_modules/next/dist/compiled/@opentelemetry/api/index.js:1:18854)
    at /opt/hostedapp/node/root/app/node_modules/next/dist/server/lib/trace/tracer.js:122:103
    at NoopContextManager.with (/opt/hostedapp/node/root/app/node_modules/next/dist/compiled/@opentelemetry/api/index.js:1:7062)
    at ContextAPI.with (/opt/hostedapp/node/root/app/node_modules/next/dist/compiled/@opentelemetry/api/index.js:1:518)
    at NextTracerImpl.trace (/opt/hostedapp/node/root/app/node_modules/next/dist/server/lib/trace/tracer.js:122:28)
    at /opt/hostedapp/node/root/app/node_modules/next/dist/server/lib/trace/tracer.js:191:31
    at r3 (/opt/hostedapp/node/root/app/node_modules/next/dist/compiled/next-server/app-page.runtime.dev.js:41:1678)
    at async doRender (/opt/hostedapp/node/root/app/node_modules/next/dist/server/base-server.js:1427:30)
    at async cacheEntry.responseCache.get.routeKind (/opt/hostedapp/node/root/app/node_modules/next/dist/server/base-server.js:1588:28)
 ⨯ Error: Invariant: missing bootstrap script. This is a bug in Next.js
    at rR (/opt/hostedapp/node/root/app/node_modules/next/dist/compiled/next-server/app-page.runtime.dev.js:39:2277)
    at /opt/hostedapp/node/root/app/node_modules/next/dist/compiled/next-server/app-page.runtime.dev.js:39:25591
    at /opt/hostedapp/node/root/app/node_modules/next/dist/server/lib/trace/tracer.js:191:62
    at /opt/hostedapp/node/root/app/node_modules/next/dist/server/lib/trace/tracer.js:140:36
    at NoopContextManager.with (/opt/hostedapp/node/root/app/node_modules/next/dist/compiled/@opentelemetry/api/index.js:1:7062)
    at ContextAPI.with (/opt/hostedapp/node/root/app/node_modules/next/dist/compiled/@opentelemetry/api/index.js:1:518)
    at NoopTracer.startActiveSpan (/opt/hostedapp/node/root/app/node_modules/next/dist/compiled/@opentelemetry/api/index.js:1:18093)
    at ProxyTracer.startActiveSpan (/opt/hostedapp/node/root/app/node_modules/next/dist/compiled/@opentelemetry/api/index.js:1:18854)
    at /opt/hostedapp/node/root/app/node_modules/next/dist/server/lib/trace/tracer.js:122:103
    at NoopContextManager.with (/opt/hostedapp/node/root/app/node_modules/next/dist/compiled/@opentelemetry/api/index.js:1:7062)
    at ContextAPI.with (/opt/hostedapp/node/root/app/node_modules/next/dist/compiled/@opentelemetry/api/index.js:1:518)
    at NextTracerImpl.trace (/opt/hostedapp/node/root/app/node_modules/next/dist/server/lib/trace/tracer.js:122:28)
    at /opt/hostedapp/node/root/app/node_modules/next/dist/server/lib/trace/tracer.js:191:31
    at r3 (/opt/hostedapp/node/root/app/node_modules/next/dist/compiled/next-server/app-page.runtime.dev.js:41:1678)
    at async doRender (/opt/hostedapp/node/root/app/node_modules/next/dist/server/base-server.js:1427:30)
    at async cacheEntry.responseCache.get.routeKind (/opt/hostedapp/node/root/app/node_modules/next/dist/server/base-server.js:1588:28)
 ⨯ Error: Invariant: missing bootstrap script. This is a bug in Next.js
    at rR (/opt/hostedapp/node/root/app/node_modules/next/dist/compiled/next-server/app-page.runtime.dev.js:39:2277)
    at /opt/hostedapp/node/root/app/node_modules/next/dist/compiled/next-server/app-page.runtime.dev.js:39:25591
    at /opt/hostedapp/node/root/app/node_modules/next/dist/server/lib/trace/tracer.js:191:62
    at /opt/hostedapp/node/root/app/node_modules/next/dist/server/lib/trace/tracer.js:140:36
    at NoopContextManager.with (/opt/hostedapp/node/root/app/node_modules/next/dist/compiled/@opentelemetry/api/index.js:1:7062)
    at ContextAPI.with (/opt/hostedapp/node/root/app/node_modules/next/dist/compiled/@opentelemetry/api/index.js:1:518)
    at NoopTracer.startActiveSpan (/opt/hostedapp/node/root/app/node_modules/next/dist/compiled/@opentelemetry/api/index.js:1:18093)
    at ProxyTracer.startActiveSpan (/opt/hostedapp/node/root/app/node_modules/next/dist/compiled/@opentelemetry/api/index.js:1:18854)
    at /opt/hostedapp/node/root/app/node_modules/next/dist/server/lib/trace/tracer.js:122:103
    at NoopContextManager.with (/opt/hostedapp/node/root/app/node_modules/next/dist/compiled/@opentelemetry/api/index.js:1:7062)
    at ContextAPI.with (/opt/hostedapp/node/root/app/node_modules/next/dist/compiled/@opentelemetry/api/index.js:1:518)
    at NextTracerImpl.trace (/opt/hostedapp/node/root/app/node_modules/next/dist/server/lib/trace/tracer.js:122:28)
    at /opt/hostedapp/node/root/app/node_modules/next/dist/server/lib/trace/tracer.js:191:31
    at r3 (/opt/hostedapp/node/root/app/node_modules/next/dist/compiled/next-server/app-page.runtime.dev.js:41:1678)
    at async doRender (/opt/hostedapp/node/root/app/node_modules/next/dist/server/base-server.js:1427:30)
    at async cacheEntry.responseCache.get.routeKind (/opt/hostedapp/node/root/app/node_modules/next/dist/server/base-server.js:1588:28) {
  page: '/'
}
<w> [webpack.cache.PackFileCacheStrategy] Caching failed for pack: Error: ENOENT: no such file or directory, rename '/home/ubuntu/brewai-website/app/.next/cache/webpack/client-development-fallback/0.pack.gz_' -> '/home/ubuntu/brewai-website/app/.next/cache/webpack/client-development-fallback/0.pack.gz'
 ⚠ Unsupported metadata viewport is configured in metadata export in /. Please move it to viewport export instead.
Read more: https://nextjs.org/docs/app/api-reference/functions/generate-viewport
 ⚠ Unsupported metadata viewport is configured in metadata export in /. Please move it to viewport export instead.
Read more: https://nextjs.org/docs/app/api-reference/functions/generate-viewport
 ⚠ Unsupported metadata viewport is configured in metadata export in /_next/static/chunks/main-app.js. Please move it to viewport export instead.
Read more: https://nextjs.org/docs/app/api-reference/functions/generate-viewport
 ⚠ Unsupported metadata viewport is configured in metadata export in /_next/static/chunks/app/layout.js. Please move it to viewport export instead.
Read more: https://nextjs.org/docs/app/api-reference/functions/generate-viewport
 ⚠ Unsupported metadata viewport is configured in metadata export in /_next/static/chunks/app-pages-internals.js. Please move it to viewport export instead.
Read more: https://nextjs.org/docs/app/api-reference/functions/generate-viewport
 ⚠ Unsupported metadata viewport is configured in metadata export in /_next/static/css/app/layout.css. Please move it to viewport export instead.
Read more: https://nextjs.org/docs/app/api-reference/functions/generate-viewport
 ⚠ Unsupported metadata viewport is configured in metadata export in /_next/static/chunks/app/page.js. Please move it to viewport export instead.
Read more: https://nextjs.org/docs/app/api-reference/functions/generate-viewport
 ⚠ Unsupported metadata viewport is configured in metadata export in /. Please move it to viewport export instead.
Read more: https://nextjs.org/docs/app/api-reference/functions/generate-viewport
 ⚠ Unsupported metadata viewport is configured in metadata export in /_next/static/chunks/main-app.js. Please move it to viewport export instead.
Read more: https://nextjs.org/docs/app/api-reference/functions/generate-viewport
 ⚠ Unsupported metadata viewport is configured in metadata export in /_next/static/css/app/layout.css. Please move it to viewport export instead.
Read more: https://nextjs.org/docs/app/api-reference/functions/generate-viewport
 ⚠ Unsupported metadata viewport is configured in metadata export in /_next/static/chunks/app/layout.js. Please move it to viewport export instead.
Read more: https://nextjs.org/docs/app/api-reference/functions/generate-viewport
 ⚠ Unsupported metadata viewport is configured in metadata export in /_next/static/chunks/app-pages-internals.js. Please move it to viewport export instead.
Read more: https://nextjs.org/docs/app/api-reference/functions/generate-viewport
 ⚠ Unsupported metadata viewport is configured in metadata export in /_next/static/chunks/app/page.js. Please move it to viewport export instead.
Read more: https://nextjs.org/docs/app/api-reference/functions/generate-viewport
<w> [webpack.cache.PackFileCacheStrategy] Caching failed for pack: Error: ENOENT: no such file or directory, lstat '/home/ubuntu/brewai-website/app/.next/server/vendor-chunks/next-themes.js'
<w> [webpack.cache.PackFileCacheStrategy/webpack.FileSystemInfo] Resolving './vendor-chunks/next-themes' in /home/ubuntu/brewai-website/app/.next/server for build dependencies doesn't lead to expected result '/home/ubuntu/brewai-website/app/.next/server/vendor-chunks/next-themes.js', but to 'Error: Can't resolve './vendor-chunks/next-themes' in '/home/ubuntu/brewai-website/app/.next/server'' instead. Resolving dependencies are ignored for this path.
<w>  at resolve commonjs file ./vendor-chunks/next-themes (expected /home/ubuntu/brewai-website/app/.next/server/vendor-chunks/next-themes.js)
<w>  at file dependencies /home/ubuntu/brewai-website/app/.next/server/webpack-runtime.js
<w>  at file /home/ubuntu/brewai-website/app/.next/server/webpack-runtime.js
<w>  at file dependencies /home/ubuntu/brewai-website/app/.next/server/pages/_error.js
<w>  at file /home/ubuntu/brewai-website/app/.next/server/pages/_error.js
<w>  at file dependencies /opt/hostedapp/node/root/app/node_modules/next/dist/server/require.js
<w>  at file /opt/hostedapp/node/root/app/node_modules/next/dist/server/require.js
<w>  at file dependencies /opt/hostedapp/node/root/app/node_modules/next/dist/server/load-components.js
<w>  at file /opt/hostedapp/node/root/app/node_modules/next/dist/server/load-components.js
<w>  at file dependencies /opt/hostedapp/node/root/app/node_modules/next/dist/build/utils.js
<w>  at file /opt/hostedapp/node/root/app/node_modules/next/dist/build/utils.js
<w>  at file dependencies /opt/hostedapp/node/root/app/node_modules/next/dist/build/webpack/loaders/next-route-loader/index.js
<w>  at file /opt/hostedapp/node/root/app/node_modules/next/dist/build/webpack/loaders/next-route-loader/index.js
<w>  at resolve commonjs /opt/hostedapp/node/root/app/node_modules/next/dist/build/webpack/loaders/next-route-loader/index.js
<w> [webpack.cache.PackFileCacheStrategy/webpack.FileSystemInfo] Resolving './vendor-chunks/sonner' in /home/ubuntu/brewai-website/app/.next/server for build dependencies doesn't lead to expected result '/home/ubuntu/brewai-website/app/.next/server/vendor-chunks/sonner.js', but to 'Error: Can't resolve './vendor-chunks/sonner' in '/home/ubuntu/brewai-website/app/.next/server'' instead. Resolving dependencies are ignored for this path.
<w>  at resolve commonjs file ./vendor-chunks/sonner (expected /home/ubuntu/brewai-website/app/.next/server/vendor-chunks/sonner.js)
<w>  at file dependencies /home/ubuntu/brewai-website/app/.next/server/webpack-runtime.js
<w>  at file /home/ubuntu/brewai-website/app/.next/server/webpack-runtime.js
<w>  at file dependencies /home/ubuntu/brewai-website/app/.next/server/pages/_error.js
<w>  at file /home/ubuntu/brewai-website/app/.next/server/pages/_error.js
<w>  at file dependencies /opt/hostedapp/node/root/app/node_modules/next/dist/server/require.js
<w>  at file /opt/hostedapp/node/root/app/node_modules/next/dist/server/require.js
<w>  at file dependencies /opt/hostedapp/node/root/app/node_modules/next/dist/server/load-components.js
<w>  at file /opt/hostedapp/node/root/app/node_modules/next/dist/server/load-components.js
<w>  at file dependencies /opt/hostedapp/node/root/app/node_modules/next/dist/build/utils.js
<w>  at file /opt/hostedapp/node/root/app/node_modules/next/dist/build/utils.js
<w>  at file dependencies /opt/hostedapp/node/root/app/node_modules/next/dist/build/webpack/loaders/next-route-loader/index.js
<w>  at file /opt/hostedapp/node/root/app/node_modules/next/dist/build/webpack/loaders/next-route-loader/index.js
<w>  at resolve commonjs /opt/hostedapp/node/root/app/node_modules/next/dist/build/webpack/loaders/next-route-loader/index.js
<w> [webpack.cache.PackFileCacheStrategy/webpack.FileSystemInfo] Resolving './vendor-chunks/lucide-react' in /home/ubuntu/brewai-website/app/.next/server for build dependencies doesn't lead to expected result '/home/ubuntu/brewai-website/app/.next/server/vendor-chunks/lucide-react.js', but to 'Error: Can't resolve './vendor-chunks/lucide-react' in '/home/ubuntu/brewai-website/app/.next/server'' instead. Resolving dependencies are ignored for this path.
<w>  at resolve commonjs file ./vendor-chunks/lucide-react (expected /home/ubuntu/brewai-website/app/.next/server/vendor-chunks/lucide-react.js)
<w>  at file dependencies /home/ubuntu/brewai-website/app/.next/server/webpack-runtime.js
<w>  at file /home/ubuntu/brewai-website/app/.next/server/webpack-runtime.js
<w>  at file dependencies /home/ubuntu/brewai-website/app/.next/server/pages/_error.js
<w>  at file /home/ubuntu/brewai-website/app/.next/server/pages/_error.js
<w>  at file dependencies /opt/hostedapp/node/root/app/node_modules/next/dist/server/require.js
<w>  at file /opt/hostedapp/node/root/app/node_modules/next/dist/server/require.js
<w>  at file dependencies /opt/hostedapp/node/root/app/node_modules/next/dist/server/load-components.js
<w>  at file /opt/hostedapp/node/root/app/node_modules/next/dist/server/load-components.js
<w>  at file dependencies /opt/hostedapp/node/root/app/node_modules/next/dist/build/utils.js
<w>  at file /opt/hostedapp/node/root/app/node_modules/next/dist/build/utils.js
<w>  at file dependencies /opt/hostedapp/node/root/app/node_modules/next/dist/build/webpack/loaders/next-route-loader/index.js
<w>  at file /opt/hostedapp/node/root/app/node_modules/next/dist/build/webpack/loaders/next-route-loader/index.js
<w>  at resolve commonjs /opt/hostedapp/node/root/app/node_modules/next/dist/build/webpack/loaders/next-route-loader/index.js
<w> [webpack.cache.PackFileCacheStrategy/webpack.FileSystemInfo] Resolving './vendor-chunks/framer-motion' in /home/ubuntu/brewai-website/app/.next/server for build dependencies doesn't lead to expected result '/home/ubuntu/brewai-website/app/.next/server/vendor-chunks/framer-motion.js', but to 'Error: Can't resolve './vendor-chunks/framer-motion' in '/home/ubuntu/brewai-website/app/.next/server'' instead. Resolving dependencies are ignored for this path.
<w>  at resolve commonjs file ./vendor-chunks/framer-motion (expected /home/ubuntu/brewai-website/app/.next/server/vendor-chunks/framer-motion.js)
<w>  at file dependencies /home/ubuntu/brewai-website/app/.next/server/webpack-runtime.js
<w>  at file /home/ubuntu/brewai-website/app/.next/server/webpack-runtime.js
<w>  at file dependencies /home/ubuntu/brewai-website/app/.next/server/pages/_error.js
<w>  at file /home/ubuntu/brewai-website/app/.next/server/pages/_error.js
<w>  at file dependencies /opt/hostedapp/node/root/app/node_modules/next/dist/server/require.js
<w>  at file /opt/hostedapp/node/root/app/node_modules/next/dist/server/require.js
<w>  at file dependencies /opt/hostedapp/node/root/app/node_modules/next/dist/server/load-components.js
<w>  at file /opt/hostedapp/node/root/app/node_modules/next/dist/server/load-components.js
<w>  at file dependencies /opt/hostedapp/node/root/app/node_modules/next/dist/build/utils.js
<w>  at file /opt/hostedapp/node/root/app/node_modules/next/dist/build/utils.js
<w>  at file dependencies /opt/hostedapp/node/root/app/node_modules/next/dist/build/webpack/loaders/next-route-loader/index.js
<w>  at file /opt/hostedapp/node/root/app/node_modules/next/dist/build/webpack/loaders/next-route-loader/index.js
<w>  at resolve commonjs /opt/hostedapp/node/root/app/node_modules/next/dist/build/webpack/loaders/next-route-loader/index.js
 ⚠ Unsupported metadata viewport is configured in metadata export in /. Please move it to viewport export instead.
Read more: https://nextjs.org/docs/app/api-reference/functions/generate-viewport
 ⚠ Unsupported metadata viewport is configured in metadata export in /_next/static/chunks/app-pages-internals.js. Please move it to viewport export instead.
Read more: https://nextjs.org/docs/app/api-reference/functions/generate-viewport
 ⚠ Unsupported metadata viewport is configured in metadata export in /_next/static/css/app/layout.css. Please move it to viewport export instead.
Read more: https://nextjs.org/docs/app/api-reference/functions/generate-viewport
 ⚠ Unsupported metadata viewport is configured in metadata export in /_next/static/chunks/main-app.js. Please move it to viewport export instead.
Read more: https://nextjs.org/docs/app/api-reference/functions/generate-viewport
 ⚠ Unsupported metadata viewport is configured in metadata export in /_next/static/chunks/app/layout.js. Please move it to viewport export instead.
Read more: https://nextjs.org/docs/app/api-reference/functions/generate-viewport
 ⚠ Unsupported metadata viewport is configured in metadata export in /_next/static/chunks/app/page.js. Please move it to viewport export instead.
Read more: https://nextjs.org/docs/app/api-reference/functions/generate-viewport
 ⚠ Unsupported metadata viewport is configured in metadata export in /. Please move it to viewport export instead.
Read more: https://nextjs.org/docs/app/api-reference/functions/generate-viewport
 ⚠ Unsupported metadata viewport is configured in metadata export in /_next/static/css/app/layout.css. Please move it to viewport export instead.
Read more: https://nextjs.org/docs/app/api-reference/functions/generate-viewport
 ⚠ Unsupported metadata viewport is configured in metadata export in /_next/static/chunks/app/page.js. Please move it to viewport export instead.
Read more: https://nextjs.org/docs/app/api-reference/functions/generate-viewport
 ⚠ Unsupported metadata viewport is configured in metadata export in /_next/static/chunks/app-pages-internals.js. Please move it to viewport export instead.
Read more: https://nextjs.org/docs/app/api-reference/functions/generate-viewport
 ⚠ Unsupported metadata viewport is configured in metadata export in /_next/static/chunks/app/layout.js. Please move it to viewport export instead.
Read more: https://nextjs.org/docs/app/api-reference/functions/generate-viewport
 ⚠ Unsupported metadata viewport is configured in metadata export in /_next/static/chunks/main-app.js. Please move it to viewport export instead.
Read more: https://nextjs.org/docs/app/api-reference/functions/generate-viewport
 ⚠ Unsupported metadata viewport is configured in metadata export in /. Please move it to viewport export instead.
Read more: https://nextjs.org/docs/app/api-reference/functions/generate-viewport
 ⚠ Unsupported metadata viewport is configured in metadata export in /. Please move it to viewport export instead.
Read more: https://nextjs.org/docs/app/api-reference/functions/generate-viewport
 ⚠ Unsupported metadata viewport is configured in metadata export in /. Please move it to viewport export instead.
Read more: https://nextjs.org/docs/app/api-reference/functions/generate-viewport
 ⚠ Unsupported metadata viewport is configured in metadata export in /. Please move it to viewport export instead.
Read more: https://nextjs.org/docs/app/api-reference/functions/generate-viewport
 ⚠ Unsupported metadata viewport is configured in metadata export in /. Please move it to viewport export instead.
Read more: https://nextjs.org/docs/app/api-reference/functions/generate-viewport
