  ▲ Next.js 14.2.28
  - Local:        http://localhost:3000
  - Environments: .env
  - Experiments (use with caution):
    · outputFileTracingRoot

 ✓ Starting...
 ✓ Ready in 1498ms
 ○ Compiling / ...
 ✓ Compiled / in 2.4s (1194 modules)
 GET / 200 in 3085ms
 ✓ Compiled in 632ms (603 modules)
 ○ Compiling /projects ...
 ✓ Compiled /projects in 1207ms (1256 modules)
 GET / 200 in 1552ms
 GET /training 200 in 1556ms
 GET /projects 200 in 1552ms
 GET /consulting 200 in 1555ms
 GET /about 200 in 1559ms
 GET /contact 200 in 1563ms
 GET /contact?program=training 200 in 39ms
 GET /contact?type=custom-training 200 in 100ms
 GET /contact?service=AI-Powered%20DevOps%20Automation 200 in 240ms
 GET /contact?service=Code%20Quality%20Enhancement%20with%20AI 200 in 225ms
 GET /contact?service=Intelligent%20Cloud%20Cost%20Optimization 200 in 283ms
 GET /contact?type=consultation 200 in 290ms
 GET /contact?program=training 200 in 126ms
 GET /contact?type=custom-training 200 in 126ms
 GET /contact?service=Intelligent%20Cloud%20Cost%20Optimization 200 in 127ms
 GET /contact?service=AI-Powered%20DevOps%20Automation 200 in 146ms
 GET /contact 200 in 146ms
 GET /about 200 in 151ms
 GET /consulting 200 in 154ms
 GET / 200 in 154ms
 GET /projects 200 in 157ms
 GET /training 200 in 157ms
 GET /contact?type=consultation 200 in 43ms
 GET /contact?service=Code%20Quality%20Enhancement%20with%20AI 200 in 42ms
 GET / 200 in 33ms
 GET / 200 in 47ms
[?25h
