➤ YN0000: · Yarn 4.9.2
➤ YN0000: ┌ Resolution step
➤ YN0000: └ Completed
➤ YN0000: ┌ Post-resolution validation
➤ YN0060: │ @typescript-eslint/parser is listed by your project with version 7.0.0 (p6cb6c), which doesn't satisfy what @typescript-eslint/eslint-plugin requests (^6.0.0-alpha).
➤ YN0060: │ eslint is listed by your project with version 9.24.0 (pe6e00), which doesn't satisfy what @typescript-eslint/eslint-plugin and other dependencies request (^8.57.0).
➤ YN0002: │ app@workspace:. doesn't provide prettier (pd88b5), requested by eslint-plugin-prettier.
➤ YN0086: │ Some peer dependencies are incorrectly met by your project; run yarn explain peer-requirements <hash> for details, where <hash> is the six-letter p-prefixed code.
➤ YN0086: │ Some peer dependencies are incorrectly met by dependencies; run yarn explain peer-requirements for details.
➤ YN0000: └ Completed
➤ YN0000: ┌ Fetch step
➤ YN0000: └ Completed in 1s 325ms
➤ YN0000: ┌ Link step
➤ YN0000: └ Completed in 0s 561ms
➤ YN0000: · Done with warnings in 2s 138ms
Environment variables loaded from .env
Prisma schema loaded from prisma/schema.prisma

✔ Generated Prisma Client (v6.7.0) to ./node_modules/.prisma/client in 104ms

Start by importing your Prisma Client (See: https://pris.ly/d/importing-client)

Tip: Easily identify and fix slow SQL queries in your app. Optimize helps you enhance your visibility: https://pris.ly/--optimize

  ▲ Next.js 14.2.28
  - Local:        http://localhost:3000
  - Environments: .env
  - Experiments (use with caution):
    · outputFileTracingRoot

 ✓ Starting...
 ✓ Ready in 1609ms
 ○ Compiling / ...
 ✓ Compiled / in 2.3s (1242 modules)
 GET / 200 in 2846ms
 ✓ Compiled in 551ms (627 modules)
 GET / 200 in 62ms
 GET / 200 in 53ms
 GET / 200 in 49ms
 GET / 200 in 72ms
 ○ Compiling /training ...
 ✓ Compiled /training in 584ms (1210 modules)
 ✓ Compiled /consulting in 423ms (1222 modules)
 ✓ Compiled / in 130ms (630 modules)
 ✓ Compiled /projects in 445ms (1266 modules)
 GET / 200 in 125ms
