  ▲ Next.js 14.2.28
  - Local:        http://localhost:3000
  - Environments: .env
  - Experiments (use with caution):
    · outputFileTracingRoot

 ✓ Starting...
 ✓ Ready in 1714ms
 ○ Compiling / ...
 ✓ Compiled / in 2.2s (1242 modules)
 GET / 200 in 2879ms
 ✓ Compiled in 613ms (627 modules)
 GET / 200 in 102ms
 ○ Compiling /contact ...
 ✓ Compiled /contact in 1379ms (1284 modules)
 GET /projects 200 in 1730ms
 GET /contact 200 in 1730ms
 GET /about 200 in 1729ms
 GET /consulting 200 in 1729ms
 GET /training 200 in 1737ms
 GET /contact?program=training 200 in 58ms
 GET /contact?type=custom-training 200 in 164ms
 GET /contact?service=AI-Powered%20DevOps%20Automation 200 in 162ms
 GET /contact?service=Intelligent%20Cloud%20Cost%20Optimization 200 in 171ms
 GET /contact?service=Code%20Quality%20Enhancement%20with%20AI 200 in 236ms
 GET /contact?type=consultation 200 in 239ms
 GET /training 200 in 106ms
 GET /about 200 in 136ms
 GET /projects 200 in 142ms
 GET /contact?service=Intelligent%20Cloud%20Cost%20Optimization 200 in 150ms
 GET /contact?service=AI-Powered%20DevOps%20Automation 200 in 150ms
 GET /contact?program=training 200 in 150ms
 GET /contact?type=custom-training 200 in 150ms
 GET /consulting 200 in 151ms
 GET /contact?service=Code%20Quality%20Enhancement%20with%20AI 200 in 151ms
 GET /contact 200 in 151ms
 GET / 200 in 73ms
 GET /contact?type=consultation 200 in 68ms
 GET / 200 in 54ms
 GET / 200 in 41ms
 GET /projects 200 in 46ms
 GET / 200 in 55ms
[?25h
