  ▲ Next.js 14.2.28
  - Local:        http://localhost:3000
  - Environments: .env
  - Experiments (use with caution):
    · outputFileTracingRoot

 ✓ Starting...
 ✓ Ready in 1687ms
 ○ Compiling / ...
 ✓ Compiled / in 2.7s (1242 modules)
 GET / 200 in 2970ms
 GET / 200 in 3324ms
 ✓ Compiled in 631ms (627 modules)
 GET / 200 in 188ms
 GET / 200 in 52ms
 GET / 200 in 46ms
 GET / 200 in 39ms
 GET / 200 in 66ms
 GET / 200 in 47ms
 GET / 200 in 48ms
 GET / 200 in 57ms
 ✓ Compiled in 771ms (1242 modules)
 ✓ Compiled in 467ms (627 modules)
 ✓ Compiled in 830ms (627 modules)
 ✓ Compiled in 598ms (627 modules)
[?25h
