  ▲ Next.js 14.2.28
  - Local:        http://localhost:3000
  - Environments: .env
  - Experiments (use with caution):
    · outputFileTracingRoot

 ✓ Starting...
 ✓ Ready in 1687ms
 ○ Compiling / ...
 ✓ Compiled / in 2.4s (1194 modules)
 GET / 200 in 2145ms
 GET / 200 in 2959ms
 ✓ Compiled in 461ms (603 modules)
 GET / 200 in 58ms
 GET / 200 in 45ms
 GET / 200 in 39ms
 GET / 200 in 37ms
 ✓ Compiled in 543ms (603 modules)
 ✓ Compiled in 376ms (603 modules)
 ✓ Compiled in 405ms (603 modules)
 ✓ Compiled in 491ms (603 modules)
 ✓ Compiled in 479ms (603 modules)
[?25h
