  ▲ Next.js 14.2.28
  - Local:        http://localhost:3000
  - Environments: .env
  - Experiments (use with caution):
    · outputFileTracingRoot

 ✓ Starting...
 ✓ Ready in 1621ms
 ○ Compiling / ...
 ✓ Compiled / in 2.9s (1242 modules)
 GET / 200 in 3570ms
 GET / 200 in 3627ms
 ✓ Compiled in 728ms (627 modules)
 GET / 200 in 59ms
 GET / 200 in 74ms
 GET / 200 in 56ms
 GET / 200 in 60ms
 ✓ Compiled in 635ms (627 modules)
 ✓ Compiled in 607ms (627 modules)
 ✓ Compiled in 432ms (627 modules)
[?25h
