  ▲ Next.js 14.2.28
  - Local:        http://localhost:3000
  - Environments: .env
  - Experiments (use with caution):
    · outputFileTracingRoot

 ✓ Starting...
 ✓ Ready in 1727ms
 ○ Compiling / ...
 ✓ Compiled / in 3s (1216 modules)
 GET / 200 in 3749ms
 ✓ Compiled in 694ms (614 modules)
 ○ Compiling /contact ...
 ✓ Compiled /contact in 1108ms (1262 modules)
 GET / 200 in 1401ms
 GET /consulting 200 in 1405ms
 GET /training 200 in 1384ms
 GET /about 200 in 1383ms
 GET /contact 200 in 1383ms
 GET /projects 200 in 1390ms
 GET /contact?program=training 200 in 89ms
 GET /contact?service=AI-Powered%20DevOps%20Automation 200 in 182ms
 GET /contact?type=custom-training 200 in 222ms
 GET /contact?service=Intelligent%20Cloud%20Cost%20Optimization 200 in 221ms
 GET /contact?service=Code%20Quality%20Enhancement%20with%20AI 200 in 221ms
 GET /contact?type=consultation 200 in 201ms
 GET /contact 200 in 109ms
 GET /contact?type=consultation 200 in 109ms
 GET /contact?service=Code%20Quality%20Enhancement%20with%20AI 200 in 111ms
 GET /contact?service=AI-Powered%20DevOps%20Automation 200 in 137ms
 GET /contact?type=custom-training 200 in 137ms
 GET /training 200 in 145ms
 GET /about 200 in 148ms
 GET /consulting 200 in 148ms
 GET / 200 in 148ms
 GET /contact?program=training 200 in 57ms
 GET /contact?service=Intelligent%20Cloud%20Cost%20Optimization 200 in 53ms
 GET /projects 200 in 55ms
 GET / 200 in 35ms
[?25h
