  ▲ Next.js 14.2.28
  - Local:        http://localhost:3000
  - Environments: .env
  - Experiments (use with caution):
    · outputFileTracingRoot

 ✓ Starting...
 ✓ Ready in 1821ms
 ○ Compiling / ...
 ✓ Compiled / in 2.9s (1216 modules)
 GET / 200 in 3413ms
 GET / 200 in 3635ms
 ✓ Compiled in 746ms (614 modules)
 GET / 200 in 271ms
 GET / 200 in 66ms
 GET / 200 in 50ms
 ○ Compiling /_not-found ...
 ✓ Compiled /_not-found in 545ms (1207 modules)
 ○ Compiling /_error ...
 ✓ Compiled /_error in 2.4s (1434 modules)
 GET /_next/static/chunks/webpack.js?v=1750521391730 500 in 3677ms
 GET /_next/static/chunks/main-app.js?v=1750521391730 500 in 3681ms
 GET / 500 in 3039ms
 GET / 200 in 191ms
 GET / 200 in 51ms
 GET /_next/static/chunks/main-app.js?v=1750521413998 404 in 102ms
 GET /_next/static/chunks/app/layout.js 404 in 100ms
 GET /_next/static/chunks/app-pages-internals.js 404 in 99ms
 GET /_next/static/css/app/layout.css?v=1750521413998 404 in 60ms
 GET /_next/static/chunks/app/page.js 404 in 41ms
 GET / 200 in 46ms
 GET /_next/static/chunks/main-app.js?v=1750521414998 404 in 77ms
 GET /_next/static/css/app/layout.css?v=1750521414998 404 in 81ms
 GET /_next/static/chunks/app/layout.js 404 in 63ms
 GET /_next/static/chunks/app-pages-internals.js 404 in 61ms
 GET /_next/static/chunks/app/page.js 404 in 47ms
 GET / 200 in 57ms
 GET /_next/static/chunks/app-pages-internals.js 404 in 21ms
 GET /_next/static/css/app/layout.css?v=1750522030953 404 in 24ms
 GET /_next/static/chunks/main-app.js?v=1750522030953 404 in 32ms
 GET /_next/static/chunks/app/layout.js 404 in 30ms
 GET /_next/static/chunks/app/page.js 404 in 20ms
 GET / 200 in 41ms
 GET /_next/static/css/app/layout.css?v=1750522043606 404 in 18ms
 GET /_next/static/chunks/app/page.js 404 in 18ms
 GET /_next/static/chunks/app-pages-internals.js 404 in 29ms
 GET /_next/static/chunks/app/layout.js 404 in 23ms
 GET /_next/static/chunks/main-app.js?v=1750522043606 404 in 21ms
 HEAD / 200 in 42ms
 GET / 200 in 40ms
 GET / 200 in 43ms
 GET / 200 in 44ms
 GET / 200 in 43ms
 ✓ Compiled in 822ms (847 modules)
[?25h
