  ▲ Next.js 14.2.28
  - Local:        http://localhost:3000
  - Environments: .env
  - Experiments (use with caution):
    · outputFileTracingRoot

 ✓ Starting...
 ✓ Ready in 1875ms
 ○ Compiling / ...
 ✓ Compiled / in 2.3s (1242 modules)
 GET / 200 in 2616ms
 GET / 200 in 3037ms
 ✓ Compiled in 625ms (627 modules)
 GET / 200 in 75ms
 GET / 200 in 60ms
 GET / 200 in 49ms
 GET / 200 in 46ms
 ○ Compiling /training ...
 ✓ Compiled /training in 578ms (1210 modules)
 ✓ Compiled /projects in 343ms (1226 modules)
 ✓ Compiled /about in 437ms (1237 modules)
 ✓ Compiled / in 200ms (615 modules)
 GET / 200 in 355ms
 GET / 200 in 59ms
