  ▲ Next.js 14.2.28
  - Local:        http://localhost:3000
  - Environments: .env
  - Experiments (use with caution):
    · outputFileTracingRoot

 ✓ Starting...
 ✓ Ready in 1717ms
 ○ Compiling / ...
 ✓ Compiled / in 3.4s (1242 modules)
 GET / 200 in 3859ms
 GET / 200 in 4186ms
 ✓ Compiled in 803ms (627 modules)
 GET / 200 in 85ms
 ○ Compiling /training ...
 ✓ Compiled /training in 817ms (1250 modules)
 ✓ Compiled /consulting in 395ms (1258 modules)
 GET / 200 in 138ms
 GET / 200 in 61ms
 GET / 200 in 58ms
 ✓ Compiled /about in 471ms (1212 modules)
 GET /about 200 in 96ms
 ✓ Compiled / in 142ms (621 modules)
 ✓ Compiled in 759ms (642 modules)
 ✓ Compiled in 667ms (642 modules)
[?25h
