  ▲ Next.js 14.2.28
  - Local:        http://localhost:3000
  - Environments: .env
  - Experiments (use with caution):
    · outputFileTracingRoot

 ✓ Starting...
 ✓ Ready in 1591ms
 ○ Compiling / ...
 ✓ Compiled / in 2.5s (1242 modules)
 GET / 200 in 3104ms
 ✓ Compiled in 617ms (627 modules)
 ○ Compiling /consulting ...
 ✓ Compiled /consulting in 1126ms (1286 modules)
 GET /contact 200 in 1506ms
 GET /projects 200 in 1500ms
 GET /about 200 in 1485ms
 GET /training 200 in 1503ms
 GET /consulting 200 in 1489ms
 GET / 200 in 1496ms
 GET /contact?service=Code%20Quality%20Enhancement%20with%20AI 200 in 171ms
 GET /contact?service=AI-Powered%20DevOps%20Automation 200 in 167ms
 GET /contact?service=Intelligent%20Cloud%20Cost%20Optimization 200 in 166ms
 GET /contact?type=consultation 200 in 166ms
 GET /contact?type=custom-training 200 in 189ms
 GET /contact?program=training 200 in 258ms
 GET /consulting 200 in 104ms
 GET / 200 in 133ms
 GET /training 200 in 132ms
 GET /contact?service=Intelligent%20Cloud%20Cost%20Optimization 200 in 148ms
 GET /contact?service=AI-Powered%20DevOps%20Automation 200 in 149ms
 GET /contact?type=consultation 200 in 149ms
 GET /contact?service=Code%20Quality%20Enhancement%20with%20AI 200 in 149ms
 GET /contact?type=custom-training 200 in 151ms
 GET /contact?program=training 200 in 151ms
 GET /contact 200 in 153ms
 GET /about 200 in 43ms
 GET /projects 200 in 44ms
 GET / 200 in 45ms
[?25h
