  ▲ Next.js 14.2.28
  - Local:        http://localhost:3000
  - Environments: .env
  - Experiments (use with caution):
    · outputFileTracingRoot

 ✓ Starting...
 ✓ Ready in 1497ms
 ○ Compiling / ...
 ✓ Compiled / in 2.4s (1232 modules)
 GET / 200 in 3005ms
 ✓ Compiled in 606ms (622 modules)
 GET / 200 in 101ms
 ○ Compiling /projects ...
 ✓ Compiled /projects in 1153ms (1278 modules)
 GET /training 200 in 1475ms
 GET /consulting 200 in 1475ms
 GET /projects 200 in 1479ms
 GET /contact 200 in 1489ms
 GET /about 200 in 1497ms
 GET /contact?program=training 200 in 76ms
 GET /contact?type=custom-training 200 in 141ms
 GET /contact?service=Intelligent%20Cloud%20Cost%20Optimization 200 in 157ms
 GET /contact?service=Code%20Quality%20Enhancement%20with%20AI 200 in 153ms
 GET /contact?type=consultation 200 in 142ms
 GET /contact?service=AI-Powered%20DevOps%20Automation 200 in 134ms
 GET /contact 200 in 110ms
 GET /contact?type=consultation 200 in 120ms
 GET /contact?service=Code%20Quality%20Enhancement%20with%20AI 200 in 120ms
 GET /contact?service=Intelligent%20Cloud%20Cost%20Optimization 200 in 120ms
 GET /contact?program=training 200 in 120ms
 GET /contact?service=AI-Powered%20DevOps%20Automation 200 in 120ms
 GET /contact?type=custom-training 200 in 140ms
 GET / 200 in 168ms
 GET /training 200 in 169ms
 GET /consulting 200 in 169ms
 GET /about 200 in 47ms
 GET /projects 200 in 46ms
 GET / 200 in 34ms
[?25h
