➤ YN0000: · Yarn 4.9.2
➤ YN0000: ┌ Resolution step
➤ YN0000: └ Completed
➤ YN0000: ┌ Post-resolution validation
➤ YN0060: │ @typescript-eslint/parser is listed by your project with version 7.0.0 (p6cb6c), which doesn't satisfy what @typescript-eslint/eslint-plugin requests (^6.0.0-alpha).
➤ YN0060: │ eslint is listed by your project with version 9.24.0 (pe6e00), which doesn't satisfy what @typescript-eslint/eslint-plugin and other dependencies request (^8.57.0).
➤ YN0002: │ app@workspace:. doesn't provide prettier (pd88b5), requested by eslint-plugin-prettier.
➤ YN0086: │ Some peer dependencies are incorrectly met by your project; run yarn explain peer-requirements <hash> for details, where <hash> is the six-letter p-prefixed code.
➤ YN0086: │ Some peer dependencies are incorrectly met by dependencies; run yarn explain peer-requirements for details.
➤ YN0000: └ Completed
➤ YN0000: ┌ Fetch step
➤ YN0000: └ Completed in 2s 807ms
➤ YN0000: ┌ Link step
➤ YN0000: └ Completed in 0s 546ms
➤ YN0000: · Done with warnings in 3s 589ms
Environment variables loaded from .env
Prisma schema loaded from prisma/schema.prisma

✔ Generated Prisma Client (v6.7.0) to ./node_modules/.prisma/client in 91ms

Start by importing your Prisma Client (See: https://pris.ly/d/importing-client)

Help us improve the Prisma ORM for everyone. Share your feedback in a short 2-min survey: https://pris.ly/orm/survey/release-5-22

  ▲ Next.js 14.2.28
  - Local:        http://localhost:3000
  - Environments: .env
  - Experiments (use with caution):
    · outputFileTracingRoot

 ✓ Starting...
 ✓ Ready in 1823ms
 ○ Compiling / ...
 ✓ Compiled / in 2.5s (1242 modules)
 GET / 200 in 2840ms
 ✓ Compiled in 542ms (627 modules)
 GET / 200 in 66ms
 GET / 200 in 77ms
 GET / 200 in 45ms
 GET / 200 in 58ms
 GET / 200 in 49ms
 GET / 200 in 49ms
 GET / 200 in 56ms
 GET / 200 in 53ms
 ○ Compiling /training ...
 ✓ Compiled /training in 512ms (1210 modules)
 GET /training 200 in 92ms
 ○ Compiling /contact ...
 ✓ Compiled /contact in 544ms (1220 modules)
 ✓ Compiled /consulting in 444ms (1232 modules)
 ✓ Compiled /about in 447ms (1240 modules)
 GET /consulting 200 in 94ms
 ✓ Compiled / in 285ms (621 modules)
 ✓ Compiled /training in 125ms (630 modules)
