
> dev
> next dev --port 3000 --hostname 0.0.0.0

  ▲ Next.js 14.2.28
  - Local:        http://localhost:3000
  - Network:      http://0.0.0.0:3000
  - Environments: .env
  - Experiments (use with caution):
    · outputFileTracingRoot

 ✓ Starting...
 ✓ Ready in 1448ms
 ○ Compiling / ...
 ✓ Compiled / in 2.6s (1183 modules)
 ⚠ Unsupported metadata viewport is configured in metadata export in /. Please move it to viewport export instead.
Read more: https://nextjs.org/docs/app/api-reference/functions/generate-viewport
 HEAD / 200 in 2911ms
 ✓ Compiled in 499ms (597 modules)
 ⚠ Unsupported metadata viewport is configured in metadata export in /. Please move it to viewport export instead.
Read more: https://nextjs.org/docs/app/api-reference/functions/generate-viewport
 GET / 200 in 74ms
 ⚠ Unsupported metadata viewport is configured in metadata export in /. Please move it to viewport export instead.
Read more: https://nextjs.org/docs/app/api-reference/functions/generate-viewport
 GET / 200 in 48ms
 ○ Compiling /consulting ...
 ✓ Compiled /consulting in 678ms (1179 modules)
 ⚠ Unsupported metadata viewport is configured in metadata export in /consulting. Please move it to viewport export instead.
Read more: https://nextjs.org/docs/app/api-reference/functions/generate-viewport
 ✓ Compiled /projects in 450ms (1230 modules)
 ⚠ Unsupported metadata viewport is configured in metadata export in /projects. Please move it to viewport export instead.
Read more: https://nextjs.org/docs/app/api-reference/functions/generate-viewport
 ○ Compiling /training ...
 ✓ Compiled /training in 535ms (1214 modules)
 ⚠ Unsupported metadata viewport is configured in metadata export in /training. Please move it to viewport export instead.
Read more: https://nextjs.org/docs/app/api-reference/functions/generate-viewport
 ✓ Compiled /consulting in 107ms (600 modules)
 ⚠ Unsupported metadata viewport is configured in metadata export in /. Please move it to viewport export instead.
Read more: https://nextjs.org/docs/app/api-reference/functions/generate-viewport
 ⚠ Unsupported metadata viewport is configured in metadata export in /training. Please move it to viewport export instead.
Read more: https://nextjs.org/docs/app/api-reference/functions/generate-viewport
